#
# There is insufficient memory for the Java Runtime Environment to continue.
# Native memory allocation (mmap) failed to map 134217728 bytes for G1 virtual space
# Possible reasons:
#   The system is out of physical RAM or swap space
#   The process is running with CompressedOops enabled, and the Java Heap may be blocking the growth of the native heap
# Possible solutions:
#   Reduce memory load on the system
#   Increase physical memory or swap space
#   Check if swap backing store is full
#   Decrease Java heap size (-Xmx/-Xms)
#   Decrease number of Java threads
#   Decrease Java thread stack sizes (-Xss)
#   Set larger code cache with -XX:ReservedCodeCacheSize=
#   JVM is running with Unscaled Compressed Oops mode in which the Java heap is
#     placed in the first 4GB address space. The Java Heap base address is the
#     maximum limit for the native heap growth. Please use -XX:HeapBaseMinAddress
#     to set the Java Heap base and to place the Java Heap above 4GB virtual address.
# This output file may be truncated or incomplete.
#
#  Out of Memory Error (os_windows.cpp:3536), pid=3708, tid=7128
#
# JRE version:  (19.0.2+7) (build )
# Java VM: OpenJDK 64-Bit Server VM (19.0.2+7-44, mixed mode, sharing, tiered, compressed oops, compressed class ptrs, g1 gc, windows-amd64)
# No core dump will be written. Minidumps are not enabled by default on client versions of Windows
#

---------------  S U M M A R Y ------------

Command Line: C:\Users\Admin\AppData\Local\Temp\surefire14450043351199445172\surefirebooter-20240125233933525_3.jar C:\Users\Admin\AppData\Local\Temp\surefire14450043351199445172 2024-01-25T23-39-33_049-jvmRun1 surefire-20240125233933525_1tmp surefire_0-20240125233933525_2tmp

Host: Intel(R) Core(TM) i7-6500U CPU @ 2.50GHz, 4 cores, 7G,  Windows 10 , 64 bit Build 19041 (10.0.19041.3031)
Time: Thu Jan 25 23:39:35 2024 Maroc (heure d64 bit Build 19041 (10.0.19041.3031) elapsed time: 0.031519 seconds (0d 0h 0m 0s)

---------------  T H R E A D  ---------------

Current thread (0x000001b25e1bdee0):  JavaThread "Unknown thread" [_thread_in_vm, id=7128, stack(0x00000011c1500000,0x00000011c1600000)]

Stack: [0x00000011c1500000,0x00000011c1600000]
Native frames: (J=compiled Java code, j=interpreted, Vv=VM code, C=native code)
V  [jvm.dll+0x6ee21a]
V  [jvm.dll+0x85765e]
V  [jvm.dll+0x85904e]
V  [jvm.dll+0x859703]
V  [jvm.dll+0x28298f]
V  [jvm.dll+0x6eb009]
V  [jvm.dll+0x6dfbaa]
V  [jvm.dll+0x3573f6]
V  [jvm.dll+0x35ee56]
V  [jvm.dll+0x3b541e]
V  [jvm.dll+0x3b564f]
V  [jvm.dll+0x32c9ea]
V  [jvm.dll+0x32d89e]
V  [jvm.dll+0x821780]
V  [jvm.dll+0x3c2661]
V  [jvm.dll+0x801f51]
V  [jvm.dll+0x44ae8f]
V  [jvm.dll+0x44c811]
C  [jli.dll+0x5287]
C  [ucrtbase.dll+0x21bb2]
C  [KERNEL32.DLL+0x17614]
C  [ntdll.dll+0x526f1]


---------------  P R O C E S S  ---------------

Threads class SMR info:
_java_thread_list=0x00007ffff136d048, length=0, elements={
}

Java Threads: ( => current thread )

Other Threads:
  0x000001b25e21b220 WorkerThread "GC Thread#0" [stack: 0x00000011c1600000,0x00000011c1700000] [id=11432]
  0x000001b25e22cdd0 ConcurrentGCThread "G1 Main Marker" [stack: 0x00000011c1700000,0x00000011c1800000] [id=5444]
  0x000001b25e22d9a0 WorkerThread "G1 Conc#0" [stack: 0x00000011c1800000,0x00000011c1900000] [id=1980]

[error occurred during error reporting (printing all threads), id 0xc0000005, EXCEPTION_ACCESS_VIOLATION (0xc0000005) at pc=0x00007ffff0b2d427]

VM state: not at safepoint (not fully initialized)

VM Mutex/Monitor currently owned by a thread:  ([mutex/lock_event])
[0x000001b25e1ba990] Heap_lock - owner thread: 0x000001b25e1bdee0

Heap address: 0x0000000081e00000, size: 2018 MB, Compressed Oops mode: 32-bit

CDS archive(s) mapped at: [0x0000000000000000-0x0000000000000000-0x0000000000000000), size 0, SharedBaseAddress: 0x0000000800000000, ArchiveRelocationMode: 0.
Narrow klass base: 0x0000000000000000, Narrow klass shift: 0, Narrow klass range: 0x0

GC Precious Log:
 CardTable entry size: 512
 Card Set container configuration: InlinePtr #cards 5 size 8 Array Of Cards #cards 12 size 40 Howl #buckets 4 coarsen threshold 1843 Howl Bitmap #cards 512 size 80 coarsen threshold 460 Card regions per heap region 1 cards per card region 2048

Heap:
 garbage-first heap   total 0K, used 0K [0x0000000081e00000, 0x0000000100000000)
  region size 1024K, 0 young (0K), 0 survivors (0K)

[error occurred during error reporting (printing heap information), id 0xc0000005, EXCEPTION_ACCESS_VIOLATION (0xc0000005) at pc=0x00007ffff0f36649]

GC Heap History (0 events):
No events

Dll operation events (1 events):
Event: 0.011 Loaded shared library C:\Users\Admin\.jdks\openjdk-19.0.2\bin\java.dll

Deoptimization events (0 events):
No events

Classes loaded (0 events):
No events

Classes unloaded (0 events):
No events

Classes redefined (0 events):
No events

Internal exceptions (0 events):
No events

VM Operations (0 events):
No events

Events (0 events):
No events


Dynamic libraries:
0x00007ff6a18d0000 - 0x00007ff6a18de000 	C:\Users\Admin\.jdks\openjdk-19.0.2\bin\java.exe
0x00007ff833a70000 - 0x00007ff833c68000 	C:\WINDOWS\SYSTEM32\ntdll.dll
0x00007ff831ad0000 - 0x00007ff831b8f000 	C:\WINDOWS\System32\KERNEL32.DLL
0x00007ff831550000 - 0x00007ff831846000 	C:\WINDOWS\System32\KERNELBASE.dll
0x00007ff831450000 - 0x00007ff831550000 	C:\WINDOWS\System32\ucrtbase.dll
0x00007ff81f3f0000 - 0x00007ff81f407000 	C:\Users\Admin\.jdks\openjdk-19.0.2\bin\jli.dll
0x00007ff833380000 - 0x00007ff83351d000 	C:\WINDOWS\System32\USER32.dll
0x00007ff81f430000 - 0x00007ff81f44b000 	C:\Users\Admin\.jdks\openjdk-19.0.2\bin\VCRUNTIME140.dll
0x00007ff8319a0000 - 0x00007ff8319c2000 	C:\WINDOWS\System32\win32u.dll
0x00007ff8332b0000 - 0x00007ff8332dc000 	C:\WINDOWS\System32\GDI32.dll
0x00007ff831850000 - 0x00007ff831965000 	C:\WINDOWS\System32\gdi32full.dll
0x00007ff815ab0000 - 0x00007ff815d4a000 	C:\WINDOWS\WinSxS\amd64_microsoft.windows.common-controls_6595b64144ccf1df_6.0.19041.1110_none_60b5254171f9507e\COMCTL32.dll
0x00007ff831150000 - 0x00007ff8311ed000 	C:\WINDOWS\System32\msvcp_win.dll
0x00007ff832c60000 - 0x00007ff832cfe000 	C:\WINDOWS\System32\msvcrt.dll
0x00007ff833350000 - 0x00007ff833380000 	C:\WINDOWS\System32\IMM32.DLL
0x00007ff82bd00000 - 0x00007ff82bd0c000 	C:\Users\Admin\.jdks\openjdk-19.0.2\bin\vcruntime140_1.dll
0x00007ffffa880000 - 0x00007ffffa90e000 	C:\Users\Admin\.jdks\openjdk-19.0.2\bin\msvcp140.dll
0x00007ffff07f0000 - 0x00007ffff14b0000 	C:\Users\Admin\.jdks\openjdk-19.0.2\bin\server\jvm.dll
0x00007ff833200000 - 0x00007ff8332af000 	C:\WINDOWS\System32\ADVAPI32.dll
0x00007ff8329a0000 - 0x00007ff832a3c000 	C:\WINDOWS\System32\sechost.dll
0x00007ff831b90000 - 0x00007ff831cb6000 	C:\WINDOWS\System32\RPCRT4.dll
0x00007ff82c840000 - 0x00007ff82c849000 	C:\WINDOWS\SYSTEM32\WSOCK32.dll
0x00007ff832a40000 - 0x00007ff832aab000 	C:\WINDOWS\System32\WS2_32.dll
0x00007ff81b470000 - 0x00007ff81b497000 	C:\WINDOWS\SYSTEM32\WINMM.dll
0x00007ff826040000 - 0x00007ff82604a000 	C:\WINDOWS\SYSTEM32\VERSION.dll
0x00007ff82efc0000 - 0x00007ff82efd2000 	C:\WINDOWS\SYSTEM32\kernel.appcore.dll
0x00007ff82bc60000 - 0x00007ff82bc6a000 	C:\Users\Admin\.jdks\openjdk-19.0.2\bin\jimage.dll
0x00007ff81c250000 - 0x00007ff81c434000 	C:\WINDOWS\SYSTEM32\DBGHELP.DLL
0x00007ff81b600000 - 0x00007ff81b634000 	C:\WINDOWS\SYSTEM32\dbgcore.DLL
0x00007ff8319d0000 - 0x00007ff831a52000 	C:\WINDOWS\System32\bcryptPrimitives.dll
0x00007ff81a130000 - 0x00007ff81a156000 	C:\Users\Admin\.jdks\openjdk-19.0.2\bin\java.dll

dbghelp: loaded successfully - version: 4.0.5 - missing functions: none
symbol engine: initialized successfully - sym options: 0x614 - pdb path: .;C:\Users\Admin\.jdks\openjdk-19.0.2\bin;C:\WINDOWS\SYSTEM32;C:\WINDOWS\WinSxS\amd64_microsoft.windows.common-controls_6595b64144ccf1df_6.0.19041.1110_none_60b5254171f9507e;C:\Users\Admin\.jdks\openjdk-19.0.2\bin\server

VM Arguments:
java_command: C:\Users\Admin\AppData\Local\Temp\surefire14450043351199445172\surefirebooter-20240125233933525_3.jar C:\Users\Admin\AppData\Local\Temp\surefire14450043351199445172 2024-01-25T23-39-33_049-jvmRun1 surefire-20240125233933525_1tmp surefire_0-20240125233933525_2tmp
java_class_path (initial): C:\Users\Admin\AppData\Local\Temp\surefire14450043351199445172\surefirebooter-20240125233933525_3.jar
Launcher Type: SUN_STANDARD

[Global flags]
     intx CICompilerCount                          = 3                                         {product} {ergonomic}
     uint ConcGCThreads                            = 1                                         {product} {ergonomic}
     uint G1ConcRefinementThreads                  = 4                                         {product} {ergonomic}
   size_t G1HeapRegionSize                         = 1048576                                   {product} {ergonomic}
    uintx GCDrainStackTargetSize                   = 64                                        {product} {ergonomic}
   size_t InitialHeapSize                          = 134217728                                 {product} {ergonomic}
   size_t MarkStackSize                            = 4194304                                   {product} {ergonomic}
   size_t MaxHeapSize                              = 2116026368                                {product} {ergonomic}
   size_t MinHeapDeltaBytes                        = 1048576                                   {product} {ergonomic}
   size_t MinHeapSize                              = 8388608                                   {product} {ergonomic}
    uintx NonNMethodCodeHeapSize                   = 5832780                                {pd product} {ergonomic}
    uintx NonProfiledCodeHeapSize                  = 122912730                              {pd product} {ergonomic}
    uintx ProfiledCodeHeapSize                     = 122912730                              {pd product} {ergonomic}
    uintx ReservedCodeCacheSize                    = 251658240                              {pd product} {ergonomic}
     bool SegmentedCodeCache                       = true                                      {product} {ergonomic}
   size_t SoftMaxHeapSize                          = 2116026368                             {manageable} {ergonomic}
     bool UseCompressedClassPointers               = true                           {product lp64_product} {ergonomic}
     bool UseCompressedOops                        = true                           {product lp64_product} {ergonomic}
     bool UseG1GC                                  = true                                      {product} {ergonomic}
     bool UseLargePagesIndividualAllocation        = false                                  {pd product} {ergonomic}

Logging:
Log output configuration:
 #0: stdout all=warning uptime,level,tags foldmultilines=false
 #1: stderr all=off uptime,level,tags foldmultilines=false

Environment Variables:
JAVA_HOME=D:\Program Files (x86)\JDK
PATH=C:\Python312\Scripts\;C:\Python312\;C:\Program Files (x86)\VMware\VMware Workstation\bin\;C:\Program Files (x86)\Microsoft SDKs\Azure\CLI2\wbin;C:\Python310\Scripts\;C:\Python310\;C:\Program Files\Common Files\Oracle\Java\javapath;C:\Program Files (x86)\Common Files\Oracle\Java\javapath;C:\WINDOWS\system32;C:\WINDOWS;C:\WINDOWS\System32\Wbem;C:\WINDOWS\System32\WindowsPowerShell\v1.0\;C:\WINDOWS\System32\OpenSSH\;C:\Program Files (x86)\dotnet\;C:\Program Files\Java\jdk-16.0.2\bin;C:\Program Files\Git\cmd;C:\ProgramData\chocolatey\bin;C:\Program Files\PuTTY\;C:\xampp\php;C:\composer;C:\Program Files\Microsoft SQL Server\160\Tools\Binn\;C:\Program Files\Microsoft SQL Server\Client SDK\ODBC\170\Tools\Binn\;C:\Program Files\Microsoft SQL Server\160\DTS\Binn\;C:\Program Files\Azure Data Studio\bin;C:\Program Files\Docker\Docker\resources\bin;D:\Program Files\nodejs\;C:\Users\Admin\AppData\Local\Microsoft\WindowsApps;C:\Users\Admin\AppData\Local\Programs\Microsoft VS Code\bin;C:\Users\Admin\AppData\Roaming\Composer\vendor\bin;C:\xampp\mysql\bin;C:\Users\Admin\AppData\Local\JetBrains\Toolbox\scripts;C:\Program Files\Azure Data Studio\bin;C:\Users\Admin\AppData\Roaming\npm;C:\Users\Admin\AppData\Local\Pandoc\
USERNAME=Admin
OS=Windows_NT
PROCESSOR_IDENTIFIER=Intel64 Family 6 Model 78 Stepping 3, GenuineIntel
TMP=C:\Users\Admin\AppData\Local\Temp
TEMP=C:\Users\Admin\AppData\Local\Temp



---------------  S Y S T E M  ---------------

OS:
 Windows 10 , 64 bit Build 19041 (10.0.19041.3031)
OS uptime: 1 days 4:57 hours
Hyper-V role detected

CPU: total 4 (initial active 4) (2 cores per cpu, 2 threads per core) family 6 model 78 stepping 3 microcode 0xcc, cx8, cmov, fxsr, ht, mmx, 3dnowpref, sse, sse2, sse3, ssse3, sse4.1, sse4.2, popcnt, lzcnt, tsc, tscinvbit, avx, avx2, aes, erms, clmul, bmi1, bmi2, adx, fma, vzeroupper, clflush, clflushopt, hv, rdtscp

Memory: 4k page, system-wide physical 8065M (243M free)
TotalPageFile size 17033M (AvailPageFile size 103M)
current process WorkingSet (physical memory assigned to process): 10M, peak: 10M
current process commit charge ("private bytes"): 52M, peak: 180M

vm_info: OpenJDK 64-Bit Server VM (19.0.2+7-44) for windows-amd64 JRE (19.0.2+7-44), built on 2022-11-30T18:02:09Z by "mach5one" with MS VC++ 17.1 (VS2022)

END.
