#
# There is insufficient memory for the Java Runtime Environment to continue.
# Native memory allocation (mmap) failed to map 227540992 bytes for G1 virtual space
# Possible reasons:
#   The system is out of physical RAM or swap space
#   The process is running with CompressedOops enabled, and the Java Heap may be blocking the growth of the native heap
# Possible solutions:
#   Reduce memory load on the system
#   Increase physical memory or swap space
#   Check if swap backing store is full
#   Decrease Java heap size (-Xmx/-Xms)
#   Decrease number of Java threads
#   Decrease Java thread stack sizes (-Xss)
#   Set larger code cache with -XX:ReservedCodeCacheSize=
#   JVM is running with Unscaled Compressed Oops mode in which the Java heap is
#     placed in the first 4GB address space. The Java Heap base address is the
#     maximum limit for the native heap growth. Please use -XX:HeapBaseMinAddress
#     to set the Java Heap base and to place the Java Heap above 4GB virtual address.
# This output file may be truncated or incomplete.
#
#  Out of Memory Error (os_windows.cpp:3536), pid=5148, tid=5756
#
# JRE version: OpenJDK Runtime Environment (19.0.2+7) (build 19.0.2+7-44)
# Java VM: OpenJDK 64-Bit Server VM (19.0.2+7-44, mixed mode, sharing, tiered, compressed oops, compressed class ptrs, g1 gc, windows-amd64)
# No core dump will be written. Minidumps are not enabled by default on client versions of Windows
#

---------------  S U M M A R Y ------------

Command Line: -Dmaven.multiModuleProjectDirectory=D:\Genie logiciel\fullMicroService\ClientService -Djansi.passthrough=true -Dmaven.home=C:\Users\Admin\AppData\Local\JetBrains\Toolbox\apps\IDEA-U\ch-0\232.8660.185\plugins\maven\lib\maven3 -Dclassworlds.conf=C:\Users\Admin\AppData\Local\JetBrains\Toolbox\apps\IDEA-U\ch-0\232.8660.185\plugins\maven\lib\maven3\bin\m2.conf -Dmaven.ext.class.path=C:\Users\Admin\AppData\Local\JetBrains\Toolbox\apps\IDEA-U\ch-0\232.8660.185\plugins\maven\lib\maven-event-listener.jar -javaagent:C:\Users\Admin\AppData\Local\JetBrains\Toolbox\apps\IDEA-U\ch-0\232.8660.185\lib\idea_rt.jar=60123:C:\Users\Admin\AppData\Local\JetBrains\Toolbox\apps\IDEA-U\ch-0\232.8660.185\bin -Dfile.encoding=UTF-8 -Dsun.stdout.encoding=UTF-8 -Dsun.stderr.encoding=UTF-8 org.codehaus.classworlds.Launcher -Didea.version=2023.2 clean compile package

Host: Intel(R) Core(TM) i7-6500U CPU @ 2.50GHz, 4 cores, 7G,  Windows 10 , 64 bit Build 19041 (10.0.19041.3031)
Time: Thu Jan 25 23:41:37 2024 Maroc (heure d64 bit Build 19041 (10.0.19041.3031) elapsed time: 12.282881 seconds (0d 0h 0m 12s)

---------------  T H R E A D  ---------------

Current thread (0x00000230584ca2c0):  VMThread "VM Thread" [stack: 0x0000004293500000,0x0000004293600000] [id=5756]

Stack: [0x0000004293500000,0x0000004293600000]
Native frames: (J=compiled Java code, j=interpreted, Vv=VM code, C=native code)
V  [jvm.dll+0x6ee21a]
V  [jvm.dll+0x85765e]
V  [jvm.dll+0x85904e]
V  [jvm.dll+0x859703]
V  [jvm.dll+0x28298f]
V  [jvm.dll+0x6eb009]
V  [jvm.dll+0x6dfbaa]
V  [jvm.dll+0x3573f6]
V  [jvm.dll+0x35ee56]
V  [jvm.dll+0x3b541e]
V  [jvm.dll+0x3b564f]
V  [jvm.dll+0x32c9ea]
V  [jvm.dll+0x32ca97]
V  [jvm.dll+0x374cd2]
V  [jvm.dll+0x37340f]
V  [jvm.dll+0x32c210]
V  [jvm.dll+0x3729ab]
V  [jvm.dll+0x85ebc3]
V  [jvm.dll+0x85f989]
V  [jvm.dll+0x85febd]
V  [jvm.dll+0x86034b]
V  [jvm.dll+0x860407]
V  [jvm.dll+0x80125a]
V  [jvm.dll+0x6ecf0b]
C  [ucrtbase.dll+0x21bb2]
C  [KERNEL32.DLL+0x17614]
C  [ntdll.dll+0x526f1]

VM_Operation (0x0000004292ffb8b0): G1CollectForAllocation, mode: safepoint, requested by thread 0x000002303a59f320


---------------  P R O C E S S  ---------------

Threads class SMR info:
_java_thread_list=0x000002305d515b60, length=14, elements={
0x000002303a59f320, 0x00000230584e6aa0, 0x00000230584e7c40, 0x00000230584eac00,
0x00000230584eec00, 0x00000230584f04e0, 0x00000230584f1e40, 0x00000230584f3d90,
0x00000230584f9290, 0x00000230584fd680, 0x000002305c896db0, 0x000002305c93ead0,
0x000002305c93f010, 0x000002305d613950
}

Java Threads: ( => current thread )
  0x000002303a59f320 JavaThread "main" [_thread_blocked, id=12072, stack(0x0000004292f00000,0x0000004293000000)]
  0x00000230584e6aa0 JavaThread "Reference Handler" daemon [_thread_blocked, id=3604, stack(0x0000004293600000,0x0000004293700000)]
  0x00000230584e7c40 JavaThread "Finalizer" daemon [_thread_blocked, id=3496, stack(0x0000004293700000,0x0000004293800000)]
  0x00000230584eac00 JavaThread "Signal Dispatcher" daemon [_thread_blocked, id=14100, stack(0x0000004293800000,0x0000004293900000)]
  0x00000230584eec00 JavaThread "Attach Listener" daemon [_thread_blocked, id=11120, stack(0x0000004293900000,0x0000004293a00000)]
  0x00000230584f04e0 JavaThread "Service Thread" daemon [_thread_blocked, id=4188, stack(0x0000004293a00000,0x0000004293b00000)]
  0x00000230584f1e40 JavaThread "Monitor Deflation Thread" daemon [_thread_blocked, id=8196, stack(0x0000004293b00000,0x0000004293c00000)]
  0x00000230584f3d90 JavaThread "C2 CompilerThread0" daemon [_thread_blocked, id=7172, stack(0x0000004293c00000,0x0000004293d00000)]
  0x00000230584f9290 JavaThread "C1 CompilerThread0" daemon [_thread_blocked, id=6308, stack(0x0000004293d00000,0x0000004293e00000)]
  0x00000230584fd680 JavaThread "Sweeper thread" daemon [_thread_blocked, id=7684, stack(0x0000004293e00000,0x0000004293f00000)]
  0x000002305c896db0 JavaThread "Common-Cleaner" daemon [_thread_blocked, id=2196, stack(0x0000004293f00000,0x0000004294000000)]
  0x000002305c93ead0 JavaThread "Monitor Ctrl-Break" daemon [_thread_in_native, id=7160, stack(0x0000004294000000,0x0000004294100000)]
  0x000002305c93f010 JavaThread "Notification Thread" daemon [_thread_blocked, id=9868, stack(0x0000004294100000,0x0000004294200000)]
  0x000002305d613950 JavaThread "C2 CompilerThread1" daemon [_thread_blocked, id=7296, stack(0x0000004294600000,0x0000004294700000)]

Other Threads:
=>0x00000230584ca2c0 VMThread "VM Thread" [stack: 0x0000004293500000,0x0000004293600000] [id=5756]
  0x000002303a59fff0 WatcherThread "VM Periodic Task Thread" [stack: 0x0000004294200000,0x0000004294300000] [id=11260]
  0x000002303a5fe820 WorkerThread "GC Thread#0" [stack: 0x0000004293000000,0x0000004293100000] [id=7360]
  0x000002305d004060 WorkerThread "GC Thread#1" [stack: 0x0000004294300000,0x0000004294400000] [id=2420]
  0x000002305d004330 WorkerThread "GC Thread#2" [stack: 0x0000004294400000,0x0000004294500000] [id=9256]
  0x000002305cf93070 WorkerThread "GC Thread#3" [stack: 0x0000004294500000,0x0000004294600000] [id=2920]
  0x000002303a60f2d0 ConcurrentGCThread "G1 Main Marker" [stack: 0x0000004293100000,0x0000004293200000] [id=11740]
  0x000002303a610550 WorkerThread "G1 Conc#0" [stack: 0x0000004293200000,0x0000004293300000] [id=9336]
  0x0000023058385870 ConcurrentGCThread "G1 Refine#0" [stack: 0x0000004293300000,0x0000004293400000] [id=3368]
  0x0000023058385ed0 ConcurrentGCThread "G1 Service" [stack: 0x0000004293400000,0x0000004293500000] [id=876]

Threads with active compile tasks:
C2 CompilerThread0    12320 7979       4       org.apache.maven.model.inheritance.DefaultInheritanceAssembler$InheritanceModelMerger::mergePlugin (71 bytes)
C2 CompilerThread1    12320 7978       4       org.apache.maven.model.inheritance.DefaultInheritanceAssembler$InheritanceModelMerger::mergePluginContainer_Plugins (433 bytes)

VM state: at safepoint (normal execution)

VM Mutex/Monitor currently owned by a thread:  ([mutex/lock_event])
[0x000002303a59a7b0] Threads_lock - owner thread: 0x00000230584ca2c0
[0x000002303a598950] Heap_lock - owner thread: 0x000002303a59f320

Heap address: 0x0000000081e00000, size: 2018 MB, Compressed Oops mode: 32-bit

CDS archive(s) mapped at: [0x0000000800000000-0x0000000800c40000-0x0000000800c40000), size 12845056, SharedBaseAddress: 0x0000000800000000, ArchiveRelocationMode: 0.
Compressed class space mapped at: 0x0000000801000000-0x0000000841000000, reserved size: 1073741824
Narrow klass base: 0x0000000800000000, Narrow klass shift: 0, Narrow klass range: 0x100000000

GC Precious Log:
 CardTable entry size: 512
 Card Set container configuration: InlinePtr #cards 5 size 8 Array Of Cards #cards 12 size 40 Howl #buckets 4 coarsen threshold 1843 Howl Bitmap #cards 512 size 80 coarsen threshold 460 Card regions per heap region 1 cards per card region 2048
 CPUs: 4 total, 4 available
 Memory: 8065M
 Large Page Support: Disabled
 NUMA Support: Disabled
 Compressed Oops: Enabled (32-bit)
 Heap Region Size: 1M
 Heap Min Capacity: 8M
 Heap Initial Capacity: 128M
 Heap Max Capacity: 2018M
 Pre-touch: Disabled
 Parallel Workers: 4
 Concurrent Workers: 1
 Concurrent Refinement Workers: 4
 Periodic GC: Disabled

Heap:
 garbage-first heap   total 209920K, used 76225K [0x0000000081e00000, 0x0000000100000000)
  region size 1024K, 8 young (8192K), 8 survivors (8192K)
 Metaspace       used 32991K, committed 33536K, reserved 1114112K
  class space    used 3619K, committed 3904K, reserved 1048576K

Heap Regions: E=young(eden), S=young(survivor), O=old, HS=humongous(starts), HC=humongous(continues), CS=collection set, F=free, OA=open archive, CA=closed archive, TAMS=top-at-mark-start (previous, next)
|   0|0x0000000081e00000, 0x0000000081f00000, 0x0000000081f00000|100%| O|  |TAMS 0x0000000081f00000, 0x0000000081e00000| Untracked 
|   1|0x0000000081f00000, 0x0000000082000000, 0x0000000082000000|100%| O|  |TAMS 0x0000000082000000, 0x0000000081f00000| Untracked 
|   2|0x0000000082000000, 0x0000000082100000, 0x0000000082100000|100%| O|  |TAMS 0x0000000082100000, 0x0000000082000000| Untracked 
|   3|0x0000000082100000, 0x0000000082200000, 0x0000000082200000|100%| O|  |TAMS 0x0000000082200000, 0x0000000082100000| Untracked 
|   4|0x0000000082200000, 0x0000000082300000, 0x0000000082300000|100%| O|  |TAMS 0x0000000082300000, 0x0000000082200000| Untracked 
|   5|0x0000000082300000, 0x0000000082400000, 0x0000000082400000|100%| O|  |TAMS 0x0000000082400000, 0x0000000082300000| Untracked 
|   6|0x0000000082400000, 0x0000000082500000, 0x0000000082500000|100%| O|  |TAMS 0x0000000082500000, 0x0000000082400000| Untracked 
|   7|0x0000000082500000, 0x0000000082600000, 0x0000000082600000|100%| O|  |TAMS 0x0000000082600000, 0x0000000082500000| Untracked 
|   8|0x0000000082600000, 0x0000000082700000, 0x0000000082700000|100%| O|  |TAMS 0x0000000082700000, 0x0000000082600000| Untracked 
|   9|0x0000000082700000, 0x0000000082800000, 0x0000000082800000|100%| O|  |TAMS 0x0000000082800000, 0x0000000082700000| Untracked 
|  10|0x0000000082800000, 0x0000000082900000, 0x0000000082900000|100%| O|  |TAMS 0x0000000082900000, 0x0000000082800000| Untracked 
|  11|0x0000000082900000, 0x0000000082a00000, 0x0000000082a00000|100%| O|  |TAMS 0x0000000082a00000, 0x0000000082900000| Untracked 
|  12|0x0000000082a00000, 0x0000000082b00000, 0x0000000082b00000|100%| O|  |TAMS 0x0000000082b00000, 0x0000000082a00000| Untracked 
|  13|0x0000000082b00000, 0x0000000082c00000, 0x0000000082c00000|100%| O|  |TAMS 0x0000000082c00000, 0x0000000082b00000| Untracked 
|  14|0x0000000082c00000, 0x0000000082d00000, 0x0000000082d00000|100%| O|  |TAMS 0x0000000082d00000, 0x0000000082c00000| Untracked 
|  15|0x0000000082d00000, 0x0000000082e00000, 0x0000000082e00000|100%| O|  |TAMS 0x0000000082e00000, 0x0000000082d00000| Untracked 
|  16|0x0000000082e00000, 0x0000000082f00000, 0x0000000082f00000|100%| O|  |TAMS 0x0000000082f00000, 0x0000000082e00000| Untracked 
|  17|0x0000000082f00000, 0x0000000083000000, 0x0000000083000000|100%| O|  |TAMS 0x0000000083000000, 0x0000000082f00000| Untracked 
|  18|0x0000000083000000, 0x0000000083100000, 0x0000000083100000|100%|HS|  |TAMS 0x0000000083100000, 0x0000000083000000| Complete 
|  19|0x0000000083100000, 0x0000000083200000, 0x0000000083200000|100%| O|  |TAMS 0x0000000083100000, 0x0000000083100000| Untracked 
|  20|0x0000000083200000, 0x0000000083300000, 0x0000000083300000|100%| O|  |TAMS 0x0000000083200000, 0x0000000083200000| Untracked 
|  21|0x0000000083300000, 0x0000000083400000, 0x0000000083400000|100%| O|  |TAMS 0x0000000083400000, 0x0000000083300000| Untracked 
|  22|0x0000000083400000, 0x0000000083500000, 0x0000000083500000|100%|HS|  |TAMS 0x0000000083400000, 0x0000000083400000| Complete 
|  23|0x0000000083500000, 0x0000000083500000, 0x0000000083600000|  0%| F|  |TAMS 0x0000000083500000, 0x0000000083500000| Untracked 
|  24|0x0000000083600000, 0x0000000083700000, 0x0000000083700000|100%|HS|  |TAMS 0x0000000083700000, 0x0000000083600000| Complete 
|  25|0x0000000083700000, 0x0000000083800000, 0x0000000083800000|100%|HC|  |TAMS 0x0000000083800000, 0x0000000083700000| Complete 
|  26|0x0000000083800000, 0x0000000083900000, 0x0000000083900000|100%| O|  |TAMS 0x0000000083900000, 0x0000000083800000| Untracked 
|  27|0x0000000083900000, 0x0000000083a00000, 0x0000000083a00000|100%| O|  |TAMS 0x0000000083a00000, 0x0000000083900000| Untracked 
|  28|0x0000000083a00000, 0x0000000083b00000, 0x0000000083b00000|100%| O|  |TAMS 0x0000000083b00000, 0x0000000083a00000| Untracked 
|  29|0x0000000083b00000, 0x0000000083c00000, 0x0000000083c00000|100%| O|  |TAMS 0x0000000083c00000, 0x0000000083b00000| Untracked 
|  30|0x0000000083c00000, 0x0000000083d00000, 0x0000000083d00000|100%| O|  |TAMS 0x0000000083d00000, 0x0000000083c00000| Untracked 
|  31|0x0000000083d00000, 0x0000000083de7c00, 0x0000000083e00000| 90%| O|  |TAMS 0x0000000083de7c00, 0x0000000083d00000| Untracked 
|  32|0x0000000083e00000, 0x0000000083f00000, 0x0000000083f00000|100%|HS|  |TAMS 0x0000000083f00000, 0x0000000083e00000| Complete 
|  33|0x0000000083f00000, 0x0000000084000000, 0x0000000084000000|100%|HS|  |TAMS 0x0000000084000000, 0x0000000083f00000| Complete 
|  34|0x0000000084000000, 0x0000000084100000, 0x0000000084100000|100%| O|  |TAMS 0x0000000084100000, 0x0000000084000000| Untracked 
|  35|0x0000000084100000, 0x0000000084200000, 0x0000000084200000|100%| O|  |TAMS 0x0000000084200000, 0x0000000084100000| Untracked 
|  36|0x0000000084200000, 0x0000000084300000, 0x0000000084300000|100%| O|  |TAMS 0x0000000084300000, 0x0000000084200000| Untracked 
|  37|0x0000000084300000, 0x0000000084400000, 0x0000000084400000|100%| O|  |TAMS 0x0000000084400000, 0x0000000084300000| Untracked 
|  38|0x0000000084400000, 0x0000000084500000, 0x0000000084500000|100%| O|  |TAMS 0x0000000084500000, 0x0000000084400000| Untracked 
|  39|0x0000000084500000, 0x0000000084600000, 0x0000000084600000|100%| O|  |TAMS 0x0000000084600000, 0x0000000084500000| Untracked 
|  40|0x0000000084600000, 0x0000000084700000, 0x0000000084700000|100%| O|  |TAMS 0x0000000084700000, 0x0000000084600000| Untracked 
|  41|0x0000000084700000, 0x0000000084800000, 0x0000000084800000|100%| O|  |TAMS 0x0000000084700000, 0x0000000084700000| Untracked 
|  42|0x0000000084800000, 0x0000000084900000, 0x0000000084900000|100%| O|  |TAMS 0x0000000084800000, 0x0000000084800000| Untracked 
|  43|0x0000000084900000, 0x0000000084a00000, 0x0000000084a00000|100%| O|  |TAMS 0x0000000084900000, 0x0000000084900000| Untracked 
|  44|0x0000000084a00000, 0x0000000084ab5c00, 0x0000000084b00000| 70%| O|  |TAMS 0x0000000084a00000, 0x0000000084a00000| Untracked 
|  45|0x0000000084b00000, 0x0000000084b00000, 0x0000000084c00000|  0%| F|  |TAMS 0x0000000084b00000, 0x0000000084b00000| Untracked 
|  46|0x0000000084c00000, 0x0000000084c00000, 0x0000000084d00000|  0%| F|  |TAMS 0x0000000084c00000, 0x0000000084c00000| Untracked 
|  47|0x0000000084d00000, 0x0000000084d00000, 0x0000000084e00000|  0%| F|  |TAMS 0x0000000084d00000, 0x0000000084d00000| Untracked 
|  48|0x0000000084e00000, 0x0000000084e00000, 0x0000000084f00000|  0%| F|  |TAMS 0x0000000084e00000, 0x0000000084e00000| Untracked 
|  49|0x0000000084f00000, 0x0000000084f00000, 0x0000000085000000|  0%| F|  |TAMS 0x0000000084f00000, 0x0000000084f00000| Untracked 
|  50|0x0000000085000000, 0x0000000085000000, 0x0000000085100000|  0%| F|  |TAMS 0x0000000085000000, 0x0000000085000000| Untracked 
|  51|0x0000000085100000, 0x0000000085200000, 0x0000000085200000|100%| O|  |TAMS 0x0000000085200000, 0x0000000085100000| Untracked 
|  52|0x0000000085200000, 0x0000000085300000, 0x0000000085300000|100%| O|  |TAMS 0x0000000085300000, 0x0000000085200000| Untracked 
|  53|0x0000000085300000, 0x0000000085400000, 0x0000000085400000|100%| O|  |TAMS 0x0000000085400000, 0x0000000085300000| Untracked 
|  54|0x0000000085400000, 0x0000000085400000, 0x0000000085500000|  0%| F|  |TAMS 0x0000000085400000, 0x0000000085400000| Untracked 
|  55|0x0000000085500000, 0x0000000085500000, 0x0000000085600000|  0%| F|  |TAMS 0x0000000085500000, 0x0000000085500000| Untracked 
|  56|0x0000000085600000, 0x0000000085700000, 0x0000000085700000|100%| O|  |TAMS 0x0000000085680000, 0x0000000085600000| Untracked 
|  57|0x0000000085700000, 0x0000000085700000, 0x0000000085800000|  0%| F|  |TAMS 0x0000000085700000, 0x0000000085700000| Untracked 
|  58|0x0000000085800000, 0x0000000085800000, 0x0000000085900000|  0%| F|  |TAMS 0x0000000085800000, 0x0000000085800000| Untracked 
|  59|0x0000000085900000, 0x0000000085900000, 0x0000000085a00000|  0%| F|  |TAMS 0x0000000085900000, 0x0000000085900000| Untracked 
|  60|0x0000000085a00000, 0x0000000085a00000, 0x0000000085b00000|  0%| F|  |TAMS 0x0000000085a00000, 0x0000000085a00000| Untracked 
|  61|0x0000000085b00000, 0x0000000085b00000, 0x0000000085c00000|  0%| F|  |TAMS 0x0000000085b00000, 0x0000000085b00000| Untracked 
|  62|0x0000000085c00000, 0x0000000085c00000, 0x0000000085d00000|  0%| F|  |TAMS 0x0000000085c00000, 0x0000000085c00000| Untracked 
|  63|0x0000000085d00000, 0x0000000085d00000, 0x0000000085e00000|  0%| F|  |TAMS 0x0000000085d00000, 0x0000000085d00000| Untracked 
|  64|0x0000000085e00000, 0x0000000085e00000, 0x0000000085f00000|  0%| F|  |TAMS 0x0000000085e00000, 0x0000000085e00000| Untracked 
|  65|0x0000000085f00000, 0x0000000085f00000, 0x0000000086000000|  0%| F|  |TAMS 0x0000000085f00000, 0x0000000085f00000| Untracked 
|  66|0x0000000086000000, 0x0000000086000000, 0x0000000086100000|  0%| F|  |TAMS 0x0000000086000000, 0x0000000086000000| Untracked 
|  67|0x0000000086100000, 0x0000000086100000, 0x0000000086200000|  0%| F|  |TAMS 0x0000000086100000, 0x0000000086100000| Untracked 
|  68|0x0000000086200000, 0x0000000086200000, 0x0000000086300000|  0%| F|  |TAMS 0x0000000086200000, 0x0000000086200000| Untracked 
|  69|0x0000000086300000, 0x0000000086300000, 0x0000000086400000|  0%| F|  |TAMS 0x0000000086300000, 0x0000000086300000| Untracked 
|  70|0x0000000086400000, 0x0000000086400000, 0x0000000086500000|  0%| F|  |TAMS 0x0000000086400000, 0x0000000086400000| Untracked 
|  71|0x0000000086500000, 0x0000000086500000, 0x0000000086600000|  0%| F|  |TAMS 0x0000000086500000, 0x0000000086500000| Untracked 
|  72|0x0000000086600000, 0x0000000086600000, 0x0000000086700000|  0%| F|  |TAMS 0x0000000086600000, 0x0000000086600000| Untracked 
|  73|0x0000000086700000, 0x0000000086700000, 0x0000000086800000|  0%| F|  |TAMS 0x0000000086700000, 0x0000000086700000| Untracked 
|  74|0x0000000086800000, 0x0000000086800000, 0x0000000086900000|  0%| F|  |TAMS 0x0000000086800000, 0x0000000086800000| Untracked 
|  75|0x0000000086900000, 0x0000000086900000, 0x0000000086a00000|  0%| F|  |TAMS 0x0000000086900000, 0x0000000086900000| Untracked 
|  76|0x0000000086a00000, 0x0000000086a00000, 0x0000000086b00000|  0%| F|  |TAMS 0x0000000086a00000, 0x0000000086a00000| Untracked 
|  77|0x0000000086b00000, 0x0000000086b00000, 0x0000000086c00000|  0%| F|  |TAMS 0x0000000086b00000, 0x0000000086b00000| Untracked 
|  78|0x0000000086c00000, 0x0000000086c00000, 0x0000000086d00000|  0%| F|  |TAMS 0x0000000086c00000, 0x0000000086c00000| Untracked 
|  79|0x0000000086d00000, 0x0000000086d00000, 0x0000000086e00000|  0%| F|  |TAMS 0x0000000086d00000, 0x0000000086d00000| Untracked 
|  80|0x0000000086e00000, 0x0000000086e00000, 0x0000000086f00000|  0%| F|  |TAMS 0x0000000086e00000, 0x0000000086e00000| Untracked 
|  81|0x0000000086f00000, 0x0000000086f00000, 0x0000000087000000|  0%| F|  |TAMS 0x0000000086f00000, 0x0000000086f00000| Untracked 
|  82|0x0000000087000000, 0x0000000087000000, 0x0000000087100000|  0%| F|  |TAMS 0x0000000087000000, 0x0000000087000000| Untracked 
|  83|0x0000000087100000, 0x0000000087100000, 0x0000000087200000|  0%| F|  |TAMS 0x0000000087100000, 0x0000000087100000| Untracked 
|  84|0x0000000087200000, 0x0000000087200000, 0x0000000087300000|  0%| F|  |TAMS 0x0000000087200000, 0x0000000087200000| Untracked 
|  85|0x0000000087300000, 0x0000000087300000, 0x0000000087400000|  0%| F|  |TAMS 0x0000000087300000, 0x0000000087300000| Untracked 
|  86|0x0000000087400000, 0x0000000087400000, 0x0000000087500000|  0%| F|  |TAMS 0x0000000087400000, 0x0000000087400000| Untracked 
|  87|0x0000000087500000, 0x0000000087500000, 0x0000000087600000|  0%| F|  |TAMS 0x0000000087500000, 0x0000000087500000| Untracked 
|  88|0x0000000087600000, 0x0000000087600000, 0x0000000087700000|  0%| F|  |TAMS 0x0000000087600000, 0x0000000087600000| Untracked 
|  89|0x0000000087700000, 0x0000000087700000, 0x0000000087800000|  0%| F|  |TAMS 0x0000000087700000, 0x0000000087700000| Untracked 
|  90|0x0000000087800000, 0x0000000087800000, 0x0000000087900000|  0%| F|  |TAMS 0x0000000087800000, 0x0000000087800000| Untracked 
|  91|0x0000000087900000, 0x0000000087900000, 0x0000000087a00000|  0%| F|  |TAMS 0x0000000087900000, 0x0000000087900000| Untracked 
|  92|0x0000000087a00000, 0x0000000087a00000, 0x0000000087b00000|  0%| F|  |TAMS 0x0000000087a00000, 0x0000000087a00000| Untracked 
|  93|0x0000000087b00000, 0x0000000087bd2e60, 0x0000000087c00000| 82%| S|CS|TAMS 0x0000000087b00000, 0x0000000087b00000| Complete 
|  94|0x0000000087c00000, 0x0000000087d00000, 0x0000000087d00000|100%| S|CS|TAMS 0x0000000087c00000, 0x0000000087c00000| Complete 
|  95|0x0000000087d00000, 0x0000000087e00000, 0x0000000087e00000|100%| S|CS|TAMS 0x0000000087d00000, 0x0000000087d00000| Complete 
|  96|0x0000000087e00000, 0x0000000087f00000, 0x0000000087f00000|100%| S|CS|TAMS 0x0000000087e00000, 0x0000000087e00000| Complete 
|  97|0x0000000087f00000, 0x0000000088000000, 0x0000000088000000|100%| S|CS|TAMS 0x0000000087f00000, 0x0000000087f00000| Complete 
|  98|0x0000000088000000, 0x0000000088100000, 0x0000000088100000|100%| S|CS|TAMS 0x0000000088000000, 0x0000000088000000| Complete 
|  99|0x0000000088100000, 0x0000000088200000, 0x0000000088200000|100%| S|CS|TAMS 0x0000000088100000, 0x0000000088100000| Complete 
| 100|0x0000000088200000, 0x0000000088300000, 0x0000000088300000|100%| S|CS|TAMS 0x0000000088200000, 0x0000000088200000| Complete 
| 101|0x0000000088300000, 0x0000000088300000, 0x0000000088400000|  0%| F|  |TAMS 0x0000000088300000, 0x0000000088300000| Untracked 
| 102|0x0000000088400000, 0x0000000088400000, 0x0000000088500000|  0%| F|  |TAMS 0x0000000088400000, 0x0000000088400000| Untracked 
| 103|0x0000000088500000, 0x0000000088500000, 0x0000000088600000|  0%| F|  |TAMS 0x0000000088500000, 0x0000000088500000| Untracked 
| 104|0x0000000088600000, 0x0000000088600000, 0x0000000088700000|  0%| F|  |TAMS 0x0000000088600000, 0x0000000088600000| Untracked 
| 105|0x0000000088700000, 0x0000000088700000, 0x0000000088800000|  0%| F|  |TAMS 0x0000000088700000, 0x0000000088700000| Untracked 
| 106|0x0000000088800000, 0x0000000088800000, 0x0000000088900000|  0%| F|  |TAMS 0x0000000088800000, 0x0000000088800000| Untracked 
| 107|0x0000000088900000, 0x0000000088900000, 0x0000000088a00000|  0%| F|  |TAMS 0x0000000088900000, 0x0000000088900000| Untracked 
| 108|0x0000000088a00000, 0x0000000088a00000, 0x0000000088b00000|  0%| F|  |TAMS 0x0000000088a00000, 0x0000000088a00000| Untracked 
| 109|0x0000000088b00000, 0x0000000088b00000, 0x0000000088c00000|  0%| F|  |TAMS 0x0000000088b00000, 0x0000000088b00000| Untracked 
| 110|0x0000000088c00000, 0x0000000088c00000, 0x0000000088d00000|  0%| F|  |TAMS 0x0000000088c00000, 0x0000000088c00000| Untracked 
| 111|0x0000000088d00000, 0x0000000088d00000, 0x0000000088e00000|  0%| F|  |TAMS 0x0000000088d00000, 0x0000000088d00000| Untracked 
| 112|0x0000000088e00000, 0x0000000088e00000, 0x0000000088f00000|  0%| F|  |TAMS 0x0000000088e00000, 0x0000000088e00000| Untracked 
| 113|0x0000000088f00000, 0x0000000089000000, 0x0000000089000000|100%|HS|  |TAMS 0x0000000088f00000, 0x0000000088f00000| Complete 
| 114|0x0000000089000000, 0x0000000089100000, 0x0000000089100000|100%|HC|  |TAMS 0x0000000089000000, 0x0000000089000000| Complete 
| 115|0x0000000089100000, 0x0000000089100000, 0x0000000089200000|  0%| F|  |TAMS 0x0000000089100000, 0x0000000089100000| Untracked 
| 116|0x0000000089200000, 0x0000000089200000, 0x0000000089300000|  0%| F|  |TAMS 0x0000000089200000, 0x0000000089200000| Untracked 
| 117|0x0000000089300000, 0x0000000089300000, 0x0000000089400000|  0%| F|  |TAMS 0x0000000089300000, 0x0000000089300000| Untracked 
| 118|0x0000000089400000, 0x0000000089500000, 0x0000000089500000|100%|HS|  |TAMS 0x0000000089400000, 0x0000000089400000| Complete 
| 119|0x0000000089500000, 0x0000000089600000, 0x0000000089600000|100%| O|  |TAMS 0x0000000089500000, 0x0000000089500000| Untracked 
| 120|0x0000000089600000, 0x0000000089700000, 0x0000000089700000|100%| O|  |TAMS 0x0000000089600000, 0x0000000089600000| Untracked 
| 121|0x0000000089700000, 0x0000000089800000, 0x0000000089800000|100%| O|  |TAMS 0x0000000089700000, 0x0000000089700000| Untracked 
| 122|0x0000000089800000, 0x0000000089900000, 0x0000000089900000|100%| O|  |TAMS 0x0000000089800000, 0x0000000089800000| Untracked 
| 123|0x0000000089900000, 0x0000000089a00000, 0x0000000089a00000|100%| O|  |TAMS 0x0000000089900000, 0x0000000089900000| Untracked 
| 124|0x0000000089a00000, 0x0000000089b00000, 0x0000000089b00000|100%| O|  |TAMS 0x0000000089a00000, 0x0000000089a00000| Untracked 
| 125|0x0000000089b00000, 0x0000000089c00000, 0x0000000089c00000|100%| O|  |TAMS 0x0000000089b00000, 0x0000000089b00000| Untracked 
| 126|0x0000000089c00000, 0x0000000089d00000, 0x0000000089d00000|100%| O|  |TAMS 0x0000000089c00000, 0x0000000089c00000| Untracked 
| 127|0x0000000089d00000, 0x0000000089e00000, 0x0000000089e00000|100%| O|  |TAMS 0x0000000089d00000, 0x0000000089d00000| Untracked 
| 128|0x0000000089e00000, 0x0000000089f00000, 0x0000000089f00000|100%| O|  |TAMS 0x0000000089e00000, 0x0000000089e00000| Untracked 
| 129|0x0000000089f00000, 0x0000000089f00000, 0x000000008a000000|  0%| F|  |TAMS 0x0000000089f00000, 0x0000000089f00000| Untracked 
| 130|0x000000008a000000, 0x000000008a000000, 0x000000008a100000|  0%| F|  |TAMS 0x000000008a000000, 0x000000008a000000| Untracked 
| 131|0x000000008a100000, 0x000000008a100000, 0x000000008a200000|  0%| F|  |TAMS 0x000000008a100000, 0x000000008a100000| Untracked 
| 132|0x000000008a200000, 0x000000008a200000, 0x000000008a300000|  0%| F|  |TAMS 0x000000008a200000, 0x000000008a200000| Untracked 
| 133|0x000000008a300000, 0x000000008a300000, 0x000000008a400000|  0%| F|  |TAMS 0x000000008a300000, 0x000000008a300000| Untracked 
| 134|0x000000008a400000, 0x000000008a400000, 0x000000008a500000|  0%| F|  |TAMS 0x000000008a400000, 0x000000008a400000| Untracked 
| 135|0x000000008a500000, 0x000000008a500000, 0x000000008a600000|  0%| F|  |TAMS 0x000000008a500000, 0x000000008a500000| Untracked 
| 136|0x000000008a600000, 0x000000008a600000, 0x000000008a700000|  0%| F|  |TAMS 0x000000008a600000, 0x000000008a600000| Untracked 
| 137|0x000000008a700000, 0x000000008a700000, 0x000000008a800000|  0%| F|  |TAMS 0x000000008a700000, 0x000000008a700000| Untracked 
| 138|0x000000008a800000, 0x000000008a800000, 0x000000008a900000|  0%| F|  |TAMS 0x000000008a800000, 0x000000008a800000| Untracked 
| 139|0x000000008a900000, 0x000000008a900000, 0x000000008aa00000|  0%| F|  |TAMS 0x000000008a900000, 0x000000008a900000| Untracked 
| 140|0x000000008aa00000, 0x000000008aa00000, 0x000000008ab00000|  0%| F|  |TAMS 0x000000008aa00000, 0x000000008aa00000| Untracked 
| 141|0x000000008ab00000, 0x000000008ab00000, 0x000000008ac00000|  0%| F|  |TAMS 0x000000008ab00000, 0x000000008ab00000| Untracked 
| 142|0x000000008ac00000, 0x000000008ac00000, 0x000000008ad00000|  0%| F|  |TAMS 0x000000008ac00000, 0x000000008ac00000| Untracked 
| 143|0x000000008ad00000, 0x000000008ad00000, 0x000000008ae00000|  0%| F|  |TAMS 0x000000008ad00000, 0x000000008ad00000| Untracked 
| 144|0x000000008ae00000, 0x000000008ae00000, 0x000000008af00000|  0%| F|  |TAMS 0x000000008ae00000, 0x000000008ae00000| Untracked 
| 145|0x000000008af00000, 0x000000008af00000, 0x000000008b000000|  0%| F|  |TAMS 0x000000008af00000, 0x000000008af00000| Untracked 
| 146|0x000000008b000000, 0x000000008b000000, 0x000000008b100000|  0%| F|  |TAMS 0x000000008b000000, 0x000000008b000000| Untracked 
| 147|0x000000008b100000, 0x000000008b100000, 0x000000008b200000|  0%| F|  |TAMS 0x000000008b100000, 0x000000008b100000| Untracked 
| 148|0x000000008b200000, 0x000000008b200000, 0x000000008b300000|  0%| F|  |TAMS 0x000000008b200000, 0x000000008b200000| Untracked 
| 149|0x000000008b300000, 0x000000008b300000, 0x000000008b400000|  0%| F|  |TAMS 0x000000008b300000, 0x000000008b300000| Untracked 
| 150|0x000000008b400000, 0x000000008b400000, 0x000000008b500000|  0%| F|  |TAMS 0x000000008b400000, 0x000000008b400000| Untracked 
| 151|0x000000008b500000, 0x000000008b500000, 0x000000008b600000|  0%| F|  |TAMS 0x000000008b500000, 0x000000008b500000| Untracked 
| 152|0x000000008b600000, 0x000000008b600000, 0x000000008b700000|  0%| F|  |TAMS 0x000000008b600000, 0x000000008b600000| Untracked 
| 153|0x000000008b700000, 0x000000008b700000, 0x000000008b800000|  0%| F|  |TAMS 0x000000008b700000, 0x000000008b700000| Untracked 
| 154|0x000000008b800000, 0x000000008b800000, 0x000000008b900000|  0%| F|  |TAMS 0x000000008b800000, 0x000000008b800000| Untracked 
| 155|0x000000008b900000, 0x000000008b900000, 0x000000008ba00000|  0%| F|  |TAMS 0x000000008b900000, 0x000000008b900000| Untracked 
| 156|0x000000008ba00000, 0x000000008ba00000, 0x000000008bb00000|  0%| F|  |TAMS 0x000000008ba00000, 0x000000008ba00000| Untracked 
| 157|0x000000008bb00000, 0x000000008bb00000, 0x000000008bc00000|  0%| F|  |TAMS 0x000000008bb00000, 0x000000008bb00000| Untracked 
| 158|0x000000008bc00000, 0x000000008bc00000, 0x000000008bd00000|  0%| F|  |TAMS 0x000000008bc00000, 0x000000008bc00000| Untracked 
| 159|0x000000008bd00000, 0x000000008bd00000, 0x000000008be00000|  0%| F|  |TAMS 0x000000008bd00000, 0x000000008bd00000| Untracked 
| 160|0x000000008be00000, 0x000000008be00000, 0x000000008bf00000|  0%| F|  |TAMS 0x000000008be00000, 0x000000008be00000| Untracked 
| 161|0x000000008bf00000, 0x000000008bf00000, 0x000000008c000000|  0%| F|  |TAMS 0x000000008bf00000, 0x000000008bf00000| Untracked 
| 162|0x000000008c000000, 0x000000008c000000, 0x000000008c100000|  0%| F|  |TAMS 0x000000008c000000, 0x000000008c000000| Untracked 
| 163|0x000000008c100000, 0x000000008c100000, 0x000000008c200000|  0%| F|  |TAMS 0x000000008c100000, 0x000000008c100000| Untracked 
| 164|0x000000008c200000, 0x000000008c200000, 0x000000008c300000|  0%| F|  |TAMS 0x000000008c200000, 0x000000008c200000| Untracked 
| 165|0x000000008c300000, 0x000000008c300000, 0x000000008c400000|  0%| F|  |TAMS 0x000000008c300000, 0x000000008c300000| Untracked 
| 166|0x000000008c400000, 0x000000008c400000, 0x000000008c500000|  0%| F|  |TAMS 0x000000008c400000, 0x000000008c400000| Untracked 
| 167|0x000000008c500000, 0x000000008c500000, 0x000000008c600000|  0%| F|  |TAMS 0x000000008c500000, 0x000000008c500000| Untracked 
| 168|0x000000008c600000, 0x000000008c600000, 0x000000008c700000|  0%| F|  |TAMS 0x000000008c600000, 0x000000008c600000| Untracked 
| 169|0x000000008c700000, 0x000000008c700000, 0x000000008c800000|  0%| F|  |TAMS 0x000000008c700000, 0x000000008c700000| Untracked 
| 170|0x000000008c800000, 0x000000008c800000, 0x000000008c900000|  0%| F|  |TAMS 0x000000008c800000, 0x000000008c800000| Untracked 
| 171|0x000000008c900000, 0x000000008c900000, 0x000000008ca00000|  0%| F|  |TAMS 0x000000008c900000, 0x000000008c900000| Untracked 
| 172|0x000000008ca00000, 0x000000008ca00000, 0x000000008cb00000|  0%| F|  |TAMS 0x000000008ca00000, 0x000000008ca00000| Untracked 
| 173|0x000000008cb00000, 0x000000008cb00000, 0x000000008cc00000|  0%| F|  |TAMS 0x000000008cb00000, 0x000000008cb00000| Untracked 
| 174|0x000000008cc00000, 0x000000008cc00000, 0x000000008cd00000|  0%| F|  |TAMS 0x000000008cc00000, 0x000000008cc00000| Untracked 
| 175|0x000000008cd00000, 0x000000008cd00000, 0x000000008ce00000|  0%| F|  |TAMS 0x000000008cd00000, 0x000000008cd00000| Untracked 
| 176|0x000000008ce00000, 0x000000008ce00000, 0x000000008cf00000|  0%| F|  |TAMS 0x000000008ce00000, 0x000000008ce00000| Untracked 
| 177|0x000000008cf00000, 0x000000008cf00000, 0x000000008d000000|  0%| F|  |TAMS 0x000000008cf00000, 0x000000008cf00000| Untracked 
| 178|0x000000008d000000, 0x000000008d000000, 0x000000008d100000|  0%| F|  |TAMS 0x000000008d000000, 0x000000008d000000| Untracked 
| 179|0x000000008d100000, 0x000000008d100000, 0x000000008d200000|  0%| F|  |TAMS 0x000000008d100000, 0x000000008d100000| Untracked 
| 180|0x000000008d200000, 0x000000008d200000, 0x000000008d300000|  0%| F|  |TAMS 0x000000008d200000, 0x000000008d200000| Untracked 
| 181|0x000000008d300000, 0x000000008d300000, 0x000000008d400000|  0%| F|  |TAMS 0x000000008d300000, 0x000000008d300000| Untracked 
| 182|0x000000008d400000, 0x000000008d400000, 0x000000008d500000|  0%| F|  |TAMS 0x000000008d400000, 0x000000008d400000| Untracked 
| 183|0x000000008d500000, 0x000000008d500000, 0x000000008d600000|  0%| F|  |TAMS 0x000000008d500000, 0x000000008d500000| Untracked 
| 184|0x000000008d600000, 0x000000008d600000, 0x000000008d700000|  0%| F|  |TAMS 0x000000008d600000, 0x000000008d600000| Untracked 
| 185|0x000000008d700000, 0x000000008d700000, 0x000000008d800000|  0%| F|  |TAMS 0x000000008d700000, 0x000000008d700000| Untracked 
| 186|0x000000008d800000, 0x000000008d800000, 0x000000008d900000|  0%| F|  |TAMS 0x000000008d800000, 0x000000008d800000| Untracked 
| 187|0x000000008d900000, 0x000000008d900000, 0x000000008da00000|  0%| F|  |TAMS 0x000000008d900000, 0x000000008d900000| Untracked 
| 188|0x000000008da00000, 0x000000008da00000, 0x000000008db00000|  0%| F|  |TAMS 0x000000008da00000, 0x000000008da00000| Untracked 
| 189|0x000000008db00000, 0x000000008db00000, 0x000000008dc00000|  0%| F|  |TAMS 0x000000008db00000, 0x000000008db00000| Untracked 
| 190|0x000000008dc00000, 0x000000008dc00000, 0x000000008dd00000|  0%| F|  |TAMS 0x000000008dc00000, 0x000000008dc00000| Untracked 
| 191|0x000000008dd00000, 0x000000008dd00000, 0x000000008de00000|  0%| F|  |TAMS 0x000000008dd00000, 0x000000008dd00000| Untracked 
| 192|0x000000008de00000, 0x000000008de00000, 0x000000008df00000|  0%| F|  |TAMS 0x000000008de00000, 0x000000008de00000| Untracked 
| 193|0x000000008df00000, 0x000000008df00000, 0x000000008e000000|  0%| F|  |TAMS 0x000000008df00000, 0x000000008df00000| Untracked 
| 194|0x000000008e000000, 0x000000008e000000, 0x000000008e100000|  0%| F|  |TAMS 0x000000008e000000, 0x000000008e000000| Untracked 
| 195|0x000000008e100000, 0x000000008e100000, 0x000000008e200000|  0%| F|  |TAMS 0x000000008e100000, 0x000000008e100000| Untracked 
| 196|0x000000008e200000, 0x000000008e200000, 0x000000008e300000|  0%| F|  |TAMS 0x000000008e200000, 0x000000008e200000| Untracked 
|2010|0x00000000ff800000, 0x00000000ff900000, 0x00000000ff900000|100%| O|  |TAMS 0x00000000ff900000, 0x00000000ff800000| Untracked 
|2011|0x00000000ff900000, 0x00000000ff900000, 0x00000000ffa00000|  0%| F|  |TAMS 0x00000000ff900000, 0x00000000ff900000| Untracked 
|2012|0x00000000ffa00000, 0x00000000ffb00000, 0x00000000ffb00000|100%| O|  |TAMS 0x00000000ffb00000, 0x00000000ffa00000| Untracked 
|2013|0x00000000ffb00000, 0x00000000ffb00000, 0x00000000ffc00000|  0%| F|  |TAMS 0x00000000ffb00000, 0x00000000ffb00000| Untracked 
|2014|0x00000000ffc00000, 0x00000000ffd00000, 0x00000000ffd00000|100%| O|  |TAMS 0x00000000ffd00000, 0x00000000ffc00000| Untracked 
|2015|0x00000000ffd00000, 0x00000000ffe00000, 0x00000000ffe00000|100%| O|  |TAMS 0x00000000ffe00000, 0x00000000ffd00000| Untracked 
|2016|0x00000000ffe00000, 0x00000000fff00000, 0x00000000fff00000|100%| O|  |TAMS 0x00000000fff00000, 0x00000000ffe00000| Untracked 
|2017|0x00000000fff00000, 0x0000000100000000, 0x0000000100000000|100%| O|  |TAMS 0x0000000100000000, 0x00000000fff00000| Untracked 

Card table byte_map: [0x0000023051900000,0x0000023051d00000] _byte_map_base: 0x00000230514f1000

Marking Bits (Prev, Next): (CMBitMap*) 0x000002303a5fed60, (CMBitMap*) 0x000002303a5feda0
 Prev Bits: [0x0000023052100000, 0x0000023054088000)
 Next Bits: [0x0000023054090000, 0x0000023056018000)

Polling page: 0x00000230384f0000

Metaspace:

Usage:
  Non-class:     28.68 MB used.
      Class:      3.53 MB used.
       Both:     32.22 MB used.

Virtual space:
  Non-class space:       64.00 MB reserved,      28.94 MB ( 45%) committed,  1 nodes.
      Class space:        1.00 GB reserved,       3.81 MB ( <1%) committed,  1 nodes.
             Both:        1.06 GB reserved,      32.75 MB (  3%) committed. 

Chunk freelists:
   Non-Class:  2.95 MB
       Class:  220.00 KB
        Both:  3.17 MB

MaxMetaspaceSize: unlimited
CompressedClassSpaceSize: 1.00 GB
Initial GC threshold: 21.00 MB
Current GC threshold: 52.12 MB
CDS: on
MetaspaceReclaimPolicy: balanced
 - commit_granule_bytes: 65536.
 - commit_granule_words: 8192.
 - virtual_space_node_default_size: 8388608.
 - enlarge_chunks_in_place: 1.
 - new_chunks_are_fully_committed: 0.
 - uncommit_free_chunks: 1.
 - use_allocation_guard: 0.


Internal statistics:

num_allocs_failed_limit: 9.
num_arena_births: 502.
num_arena_deaths: 0.
num_vsnodes_births: 2.
num_vsnodes_deaths: 0.
num_space_committed: 524.
num_space_uncommitted: 0.
num_chunks_returned_to_freelist: 9.
num_chunks_taken_from_freelist: 1733.
num_chunk_merges: 9.
num_chunk_splits: 1220.
num_chunks_enlarged: 919.
num_inconsistent_stats: 0.

CodeHeap 'non-profiled nmethods': size=120000Kb used=4155Kb max_used=4155Kb free=115844Kb
 bounds [0x0000023049fd0000, 0x000002304a3e0000, 0x0000023051500000]
CodeHeap 'profiled nmethods': size=120000Kb used=15629Kb max_used=15629Kb free=104370Kb
 bounds [0x0000023042500000, 0x0000023043450000, 0x0000023049a30000]
CodeHeap 'non-nmethods': size=5760Kb used=1315Kb max_used=1403Kb free=4444Kb
 bounds [0x0000023049a30000, 0x0000023049ca0000, 0x0000023049fd0000]
 total_blobs=7713 nmethods=7171 adapters=450
 compilation: enabled
              stopped_count=0, restarted_count=0
 full_count=0

Compilation events (20 events):
Event: 12.242 Thread 0x00000230584f9290 8042       3       java.util.Formatter$FormatSpecifier::<init> (68 bytes)
Event: 12.243 Thread 0x00000230584f9290 nmethod 8042 0x000002304343a710 code [0x000002304343a920, 0x000002304343afb8]
Event: 12.243 Thread 0x00000230584f9290 8043       3       java.util.Formatter$FormatSpecifier::print (234 bytes)
Event: 12.244 Thread 0x00000230584f9290 nmethod 8043 0x000002304343b210 code [0x000002304343b4a0, 0x000002304343bc48]
Event: 12.244 Thread 0x00000230584f9290 8044       3       org.eclipse.aether.util.version.GenericVersionScheme::parseVersionConstraint (262 bytes)
Event: 12.248 Thread 0x00000230584f9290 nmethod 8044 0x000002304343be10 code [0x000002304343c420, 0x000002304343f638]
Event: 12.249 Thread 0x00000230584f9290 8045       3       org.apache.maven.model.building.DefaultModelBuilder::putCache (31 bytes)
Event: 12.249 Thread 0x00000230584f9290 nmethod 8045 0x0000023043440890 code [0x0000023043440a60, 0x0000023043440de8]
Event: 12.249 Thread 0x00000230584f9290 8046       3       java.util.Formatter::ensureOpen (16 bytes)
Event: 12.249 Thread 0x00000230584f9290 nmethod 8046 0x0000023043440f90 code [0x0000023043441140, 0x0000023043441308]
Event: 12.249 Thread 0x00000230584f9290 8047       3       org.eclipse.aether.resolution.VersionRangeResult::getHighestVersion (38 bytes)
Event: 12.249 Thread 0x00000230584f9290 nmethod 8047 0x0000023043441410 code [0x0000023043441600, 0x0000023043441ae8]
Event: 12.253 Thread 0x00000230584f9290 8048       3       org.eclipse.aether.util.graph.selector.AndDependencySelector::hashCode (35 bytes)
Event: 12.253 Thread 0x00000230584f9290 nmethod 8048 0x0000023043441c10 code [0x0000023043441dc0, 0x0000023043441fe8]
Event: 12.263 Thread 0x00000230584f9290 8049       1       org.apache.maven.model.CiManagement::getSystem (5 bytes)
Event: 12.264 Thread 0x00000230584f9290 nmethod 8049 0x000002304a3de690 code [0x000002304a3de820, 0x000002304a3de8d8]
Event: 12.264 Thread 0x00000230584f9290 8050       1       org.apache.maven.model.CiManagement::getUrl (5 bytes)
Event: 12.264 Thread 0x00000230584f9290 nmethod 8050 0x000002304a3de990 code [0x000002304a3deb20, 0x000002304a3debd8]
Event: 12.269 Thread 0x00000230584f9290 8051       3       java.util.stream.Collectors::collectingAndThen (95 bytes)
Event: 12.271 Thread 0x00000230584f9290 nmethod 8051 0x0000023043442110 code [0x00000230434423a0, 0x00000230434431f8]

GC Heap History (20 events):
Event: 4.183 GC heap after
{Heap after GC invocations=4 (full 0):
 garbage-first heap   total 131072K, used 19961K [0x0000000081e00000, 0x0000000100000000)
  region size 1024K, 9 young (9216K), 9 survivors (9216K)
 Metaspace       used 16928K, committed 17280K, reserved 1114112K
  class space    used 1832K, committed 1984K, reserved 1048576K
}
Event: 5.326 GC heap before
{Heap before GC invocations=4 (full 0):
 garbage-first heap   total 131072K, used 88569K [0x0000000081e00000, 0x0000000100000000)
  region size 1024K, 76 young (77824K), 9 survivors (9216K)
 Metaspace       used 18472K, committed 18752K, reserved 1114112K
  class space    used 1973K, committed 2112K, reserved 1048576K
}
Event: 5.344 GC heap after
{Heap after GC invocations=5 (full 0):
 garbage-first heap   total 131072K, used 25349K [0x0000000081e00000, 0x0000000100000000)
  region size 1024K, 6 young (6144K), 6 survivors (6144K)
 Metaspace       used 18472K, committed 18752K, reserved 1114112K
  class space    used 1973K, committed 2112K, reserved 1048576K
}
Event: 6.079 GC heap before
{Heap before GC invocations=5 (full 0):
 garbage-first heap   total 131072K, used 60165K [0x0000000081e00000, 0x0000000100000000)
  region size 1024K, 34 young (34816K), 6 survivors (6144K)
 Metaspace       used 21212K, committed 21504K, reserved 1114112K
  class space    used 2271K, committed 2432K, reserved 1048576K
}
Event: 6.093 GC heap after
{Heap after GC invocations=6 (full 0):
 garbage-first heap   total 131072K, used 34521K [0x0000000081e00000, 0x0000000100000000)
  region size 1024K, 5 young (5120K), 5 survivors (5120K)
 Metaspace       used 21212K, committed 21504K, reserved 1114112K
  class space    used 2271K, committed 2432K, reserved 1048576K
}
Event: 7.682 GC heap before
{Heap before GC invocations=7 (full 0):
 garbage-first heap   total 119808K, used 102105K [0x0000000081e00000, 0x0000000100000000)
  region size 1024K, 67 young (68608K), 5 survivors (5120K)
 Metaspace       used 26995K, committed 27328K, reserved 1114112K
  class space    used 2938K, committed 3072K, reserved 1048576K
}
Event: 7.716 GC heap after
{Heap after GC invocations=8 (full 0):
 garbage-first heap   total 128000K, used 55711K [0x0000000081e00000, 0x0000000100000000)
  region size 1024K, 9 young (9216K), 9 survivors (9216K)
 Metaspace       used 26995K, committed 27328K, reserved 1114112K
  class space    used 2938K, committed 3072K, reserved 1048576K
}
Event: 7.728 GC heap before
{Heap before GC invocations=8 (full 0):
 garbage-first heap   total 128000K, used 56735K [0x0000000081e00000, 0x0000000100000000)
  region size 1024K, 10 young (10240K), 9 survivors (9216K)
 Metaspace       used 27025K, committed 27328K, reserved 1114112K
  class space    used 2938K, committed 3072K, reserved 1048576K
}
Event: 7.737 GC heap after
{Heap after GC invocations=9 (full 0):
 garbage-first heap   total 153600K, used 56735K [0x0000000081e00000, 0x0000000100000000)
  region size 1024K, 1 young (1024K), 1 survivors (1024K)
 Metaspace       used 27025K, committed 27328K, reserved 1114112K
  class space    used 2938K, committed 3072K, reserved 1048576K
}
Event: 9.289 GC heap before
{Heap before GC invocations=9 (full 0):
 garbage-first heap   total 153600K, used 111007K [0x0000000081e00000, 0x0000000100000000)
  region size 1024K, 54 young (55296K), 1 survivors (1024K)
 Metaspace       used 31118K, committed 31616K, reserved 1114112K
  class space    used 3427K, committed 3648K, reserved 1048576K
}
Event: 9.296 GC heap after
{Heap after GC invocations=10 (full 0):
 garbage-first heap   total 153600K, used 59395K [0x0000000081e00000, 0x0000000100000000)
  region size 1024K, 3 young (3072K), 3 survivors (3072K)
 Metaspace       used 31118K, committed 31616K, reserved 1114112K
  class space    used 3427K, committed 3648K, reserved 1048576K
}
Event: 9.569 GC heap before
{Heap before GC invocations=10 (full 0):
 garbage-first heap   total 153600K, used 71683K [0x0000000081e00000, 0x0000000100000000)
  region size 1024K, 8 young (8192K), 3 survivors (3072K)
 Metaspace       used 31419K, committed 31936K, reserved 1114112K
  class space    used 3457K, committed 3712K, reserved 1048576K
}
Event: 9.575 GC heap after
{Heap after GC invocations=11 (full 0):
 garbage-first heap   total 153600K, used 65951K [0x0000000081e00000, 0x0000000100000000)
  region size 1024K, 3 young (3072K), 3 survivors (3072K)
 Metaspace       used 31419K, committed 31936K, reserved 1114112K
  class space    used 3457K, committed 3712K, reserved 1048576K
}
Event: 9.576 GC heap before
{Heap before GC invocations=11 (full 0):
 garbage-first heap   total 153600K, used 78239K [0x0000000081e00000, 0x0000000100000000)
  region size 1024K, 4 young (4096K), 3 survivors (3072K)
 Metaspace       used 31419K, committed 31936K, reserved 1114112K
  class space    used 3457K, committed 3712K, reserved 1048576K
}
Event: 9.581 GC heap after
{Heap after GC invocations=12 (full 0):
 garbage-first heap   total 153600K, used 78239K [0x0000000081e00000, 0x0000000100000000)
  region size 1024K, 3 young (3072K), 3 survivors (3072K)
 Metaspace       used 31419K, committed 31936K, reserved 1114112K
  class space    used 3457K, committed 3712K, reserved 1048576K
}
Event: 10.379 GC heap before
{Heap before GC invocations=13 (full 0):
 garbage-first heap   total 209920K, used 174495K [0x0000000081e00000, 0x0000000100000000)
  region size 1024K, 44 young (45056K), 3 survivors (3072K)
 Metaspace       used 31534K, committed 32000K, reserved 1114112K
  class space    used 3459K, committed 3712K, reserved 1048576K
}
Event: 10.395 GC heap after
{Heap after GC invocations=14 (full 0):
 garbage-first heap   total 209920K, used 75701K [0x0000000081e00000, 0x0000000100000000)
  region size 1024K, 6 young (6144K), 6 survivors (6144K)
 Metaspace       used 31534K, committed 32000K, reserved 1114112K
  class space    used 3459K, committed 3712K, reserved 1048576K
}
Event: 10.459 GC heap before
{Heap before GC invocations=14 (full 0):
 garbage-first heap   total 209920K, used 79797K [0x0000000081e00000, 0x0000000100000000)
  region size 1024K, 10 young (10240K), 6 survivors (6144K)
 Metaspace       used 31534K, committed 32000K, reserved 1114112K
  class space    used 3459K, committed 3712K, reserved 1048576K
}
Event: 10.465 GC heap after
{Heap after GC invocations=15 (full 0):
 garbage-first heap   total 209920K, used 71286K [0x0000000081e00000, 0x0000000100000000)
  region size 1024K, 2 young (2048K), 2 survivors (2048K)
 Metaspace       used 31534K, committed 32000K, reserved 1114112K
  class space    used 3459K, committed 3712K, reserved 1048576K
}
Event: 12.275 GC heap before
{Heap before GC invocations=15 (full 0):
 garbage-first heap   total 209920K, used 154230K [0x0000000081e00000, 0x0000000100000000)
  region size 1024K, 83 young (84992K), 2 survivors (2048K)
 Metaspace       used 32991K, committed 33536K, reserved 1114112K
  class space    used 3619K, committed 3904K, reserved 1048576K
}

Dll operation events (12 events):
Event: 0.019 Loaded shared library C:\Users\Admin\.jdks\openjdk-19.0.2\bin\java.dll
Event: 0.038 Loaded shared library C:\Users\Admin\.jdks\openjdk-19.0.2\bin\jsvml.dll
Event: 0.132 Loaded shared library C:\Users\Admin\.jdks\openjdk-19.0.2\bin\zip.dll
Event: 0.136 Loaded shared library C:\Users\Admin\.jdks\openjdk-19.0.2\bin\instrument.dll
Event: 0.144 Loaded shared library C:\Users\Admin\.jdks\openjdk-19.0.2\bin\net.dll
Event: 0.147 Loaded shared library C:\Users\Admin\.jdks\openjdk-19.0.2\bin\nio.dll
Event: 0.150 Loaded shared library C:\Users\Admin\.jdks\openjdk-19.0.2\bin\zip.dll
Event: 0.171 Loaded shared library C:\Users\Admin\AppData\Local\JetBrains\Toolbox\apps\IDEA-U\ch-0\232.8660.185\bin\breakgen64.dll
Event: 0.203 Loaded shared library C:\Users\Admin\.jdks\openjdk-19.0.2\bin\extnet.dll
Event: 0.343 Loaded shared library C:\Users\Admin\.jdks\openjdk-19.0.2\bin\jimage.dll
Event: 0.403 Loaded shared library C:\Users\Admin\AppData\Local\Temp\jansi-2.4.0-c6fd19eb5c0f1be2-jansi.dll
Event: 0.423 Loaded shared library C:\Users\Admin\.jdks\openjdk-19.0.2\bin\verify.dll

Deoptimization events (20 events):
Event: 11.567 Thread 0x000002303a59f320 DEOPT PACKING pc=0x00000230433d93f3 sp=0x0000004292ff95b0
Event: 11.567 Thread 0x000002303a59f320 DEOPT UNPACKING pc=0x0000023049a97543 sp=0x0000004292ff8a60 mode 0
Event: 11.945 Thread 0x000002303a59f320 Uncommon trap: trap_request=0xffffffde fr.pc=0x000002304a1cfc10 relative=0x0000000000000070
Event: 11.945 Thread 0x000002303a59f320 Uncommon trap: reason=class_check action=maybe_recompile pc=0x000002304a1cfc10 method=java.util.Collections$UnmodifiableMap.size()I @ 4 c2
Event: 11.945 Thread 0x000002303a59f320 DEOPT PACKING pc=0x000002304a1cfc10 sp=0x0000004292ffcd20
Event: 11.945 Thread 0x000002303a59f320 DEOPT UNPACKING pc=0x0000023049a96da3 sp=0x0000004292ffcca8 mode 2
Event: 11.945 Thread 0x000002303a59f320 Uncommon trap: trap_request=0xffffffde fr.pc=0x000002304a1da124 relative=0x00000000000003e4
Event: 11.945 Thread 0x000002303a59f320 Uncommon trap: reason=class_check action=maybe_recompile pc=0x000002304a1da124 method=java.util.Collections$UnmodifiableMap$UnmodifiableEntrySet$1.<init>(Ljava/util/Collections$UnmodifiableMap$UnmodifiableEntrySet;)V @ 17 c2
Event: 11.945 Thread 0x000002303a59f320 DEOPT PACKING pc=0x000002304a1da124 sp=0x0000004292ffccd0
Event: 11.945 Thread 0x000002303a59f320 DEOPT UNPACKING pc=0x0000023049a96da3 sp=0x0000004292ffcc30 mode 2
Event: 12.023 Thread 0x000002303a59f320 Uncommon trap: trap_request=0xffffff45 fr.pc=0x000002304a3b89d0 relative=0x0000000000001330
Event: 12.023 Thread 0x000002303a59f320 Uncommon trap: reason=unstable_if action=reinterpret pc=0x000002304a3b89d0 method=lombok.launch.PackageShader.apply([B)Z @ 190 c2
Event: 12.023 Thread 0x000002303a59f320 DEOPT PACKING pc=0x000002304a3b89d0 sp=0x0000004292ffcf50
Event: 12.023 Thread 0x000002303a59f320 DEOPT UNPACKING pc=0x0000023049a96da3 sp=0x0000004292ffcf30 mode 2
Event: 12.023 Thread 0x000002303a59f320 Uncommon trap: trap_request=0xffffff45 fr.pc=0x000002304a3b6c7c relative=0x000000000000093c
Event: 12.023 Thread 0x000002303a59f320 Uncommon trap: reason=unstable_if action=reinterpret pc=0x000002304a3b6c7c method=lombok.launch.PackageShader.apply([B)Z @ 190 c2
Event: 12.023 Thread 0x000002303a59f320 DEOPT PACKING pc=0x000002304a3b6c7c sp=0x0000004292ffcfb0
Event: 12.023 Thread 0x000002303a59f320 DEOPT UNPACKING pc=0x0000023049a96da3 sp=0x0000004292ffcf30 mode 2
Event: 12.240 Thread 0x000002303a59f320 DEOPT PACKING pc=0x0000023042b8e58e sp=0x0000004292ffafa0
Event: 12.240 Thread 0x000002303a59f320 DEOPT UNPACKING pc=0x0000023049a97543 sp=0x0000004292ffa450 mode 0

Classes loaded (20 events):
Event: 9.213 Loading class java/util/function/ToIntBiFunction
Event: 9.213 Loading class java/util/function/ToIntBiFunction done
Event: 9.281 Loading class java/util/stream/ReduceOps$2
Event: 9.281 Loading class java/util/stream/ReduceOps$2 done
Event: 9.281 Loading class java/util/stream/ReduceOps$2ReducingSink
Event: 9.281 Loading class java/util/stream/ReduceOps$2ReducingSink done
Event: 9.427 Loading class java/util/EnumMap$Values
Event: 9.427 Loading class java/util/EnumMap$Values done
Event: 9.427 Loading class java/util/EnumMap$ValueIterator
Event: 9.427 Loading class java/util/EnumMap$ValueIterator done
Event: 9.432 Loading class java/util/WeakHashMap$KeyIterator
Event: 9.432 Loading class java/util/WeakHashMap$KeyIterator done
Event: 9.437 Loading class java/text/MessageFormat$Field
Event: 9.438 Loading class java/text/MessageFormat$Field done
Event: 9.584 Loading class java/nio/BufferMismatch
Event: 9.584 Loading class java/nio/BufferMismatch done
Event: 11.276 Loading class jdk/internal/module/IllegalAccessLogger
Event: 11.276 Loading class jdk/internal/module/IllegalAccessLogger done
Event: 12.235 Loading class java/util/Collections$UnmodifiableList$1
Event: 12.236 Loading class java/util/Collections$UnmodifiableList$1 done

Classes unloaded (0 events):
No events

Classes redefined (0 events):
No events

Internal exceptions (20 events):
Event: 11.996 Thread 0x000002303a59f320 Exception <a 'sun/nio/fs/WindowsException'{0x000000008a0439a0}> (0x000000008a0439a0) 
thrown [s\open\src\hotspot\share\prims\jni.cpp, line 517]
Event: 11.996 Thread 0x000002303a59f320 Exception <a 'sun/nio/fs/WindowsException'{0x000000008a043cb0}> (0x000000008a043cb0) 
thrown [s\open\src\hotspot\share\prims\jni.cpp, line 517]
Event: 11.997 Thread 0x000002303a59f320 Exception <a 'sun/nio/fs/WindowsException'{0x000000008a044c28}> (0x000000008a044c28) 
thrown [s\open\src\hotspot\share\prims\jni.cpp, line 517]
Event: 11.997 Thread 0x000002303a59f320 Exception <a 'sun/nio/fs/WindowsException'{0x000000008a045000}> (0x000000008a045000) 
thrown [s\open\src\hotspot\share\prims\jni.cpp, line 517]
Event: 11.997 Thread 0x000002303a59f320 Exception <a 'sun/nio/fs/WindowsException'{0x000000008a046050}> (0x000000008a046050) 
thrown [s\open\src\hotspot\share\prims\jni.cpp, line 517]
Event: 11.997 Thread 0x000002303a59f320 Exception <a 'sun/nio/fs/WindowsException'{0x000000008a046380}> (0x000000008a046380) 
thrown [s\open\src\hotspot\share\prims\jni.cpp, line 517]
Event: 12.000 Thread 0x000002303a59f320 Exception <a 'sun/nio/fs/WindowsException'{0x000000008a063640}> (0x000000008a063640) 
thrown [s\open\src\hotspot\share\prims\jni.cpp, line 517]
Event: 12.000 Thread 0x000002303a59f320 Exception <a 'sun/nio/fs/WindowsException'{0x000000008a063950}> (0x000000008a063950) 
thrown [s\open\src\hotspot\share\prims\jni.cpp, line 517]
Event: 12.000 Thread 0x000002303a59f320 Exception <a 'sun/nio/fs/WindowsException'{0x000000008a0648c8}> (0x000000008a0648c8) 
thrown [s\open\src\hotspot\share\prims\jni.cpp, line 517]
Event: 12.000 Thread 0x000002303a59f320 Exception <a 'sun/nio/fs/WindowsException'{0x000000008a064ca0}> (0x000000008a064ca0) 
thrown [s\open\src\hotspot\share\prims\jni.cpp, line 517]
Event: 12.000 Thread 0x000002303a59f320 Exception <a 'sun/nio/fs/WindowsException'{0x000000008a065cf0}> (0x000000008a065cf0) 
thrown [s\open\src\hotspot\share\prims\jni.cpp, line 517]
Event: 12.001 Thread 0x000002303a59f320 Exception <a 'sun/nio/fs/WindowsException'{0x000000008a066020}> (0x000000008a066020) 
thrown [s\open\src\hotspot\share\prims\jni.cpp, line 517]
Event: 12.006 Thread 0x000002303a59f320 Exception <a 'sun/nio/fs/WindowsException'{0x000000008a0e4848}> (0x000000008a0e4848) 
thrown [s\open\src\hotspot\share\prims\jni.cpp, line 517]
Event: 12.008 Thread 0x000002303a59f320 Exception <a 'sun/nio/fs/WindowsException'{0x000000008a0ed248}> (0x000000008a0ed248) 
thrown [s\open\src\hotspot\share\prims\jni.cpp, line 517]
Event: 12.011 Thread 0x000002303a59f320 Exception <a 'sun/nio/fs/WindowsException'{0x000000008a0f7a08}> (0x000000008a0f7a08) 
thrown [s\open\src\hotspot\share\prims\jni.cpp, line 517]
Event: 12.011 Thread 0x000002303a59f320 Exception <a 'sun/nio/fs/WindowsException'{0x000000008a0f8150}> (0x000000008a0f8150) 
thrown [s\open\src\hotspot\share\prims\jni.cpp, line 517]
Event: 12.012 Thread 0x000002303a59f320 Exception <a 'sun/nio/fs/WindowsException'{0x000000008a0f8720}> (0x000000008a0f8720) 
thrown [s\open\src\hotspot\share\prims\jni.cpp, line 517]
Event: 12.012 Thread 0x000002303a59f320 Exception <a 'sun/nio/fs/WindowsException'{0x000000008a0f8e48}> (0x000000008a0f8e48) 
thrown [s\open\src\hotspot\share\prims\jni.cpp, line 517]
Event: 12.012 Thread 0x000002303a59f320 Exception <a 'sun/nio/fs/WindowsException'{0x000000008a0f9130}> (0x000000008a0f9130) 
thrown [s\open\src\hotspot\share\prims\jni.cpp, line 517]
Event: 12.012 Thread 0x000002303a59f320 Exception <a 'sun/nio/fs/WindowsException'{0x000000008a0f9de0}> (0x000000008a0f9de0) 
thrown [s\open\src\hotspot\share\prims\jni.cpp, line 517]

VM Operations (20 events):
Event: 9.393 Executing VM operation: HandshakeAllThreads done
Event: 9.393 Executing VM operation: HandshakeAllThreads
Event: 9.393 Executing VM operation: HandshakeAllThreads done
Event: 9.405 Executing VM operation: ICBufferFull
Event: 9.405 Executing VM operation: ICBufferFull done
Event: 9.569 Executing VM operation: G1TryInitiateConcMark
Event: 9.575 Executing VM operation: G1TryInitiateConcMark done
Event: 9.576 Executing VM operation: G1TryInitiateConcMark
Event: 9.581 Executing VM operation: G1TryInitiateConcMark done
Event: 9.671 Executing VM operation: G1PauseRemark
Event: 9.677 Executing VM operation: G1PauseRemark done
Event: 9.735 Executing VM operation: G1PauseCleanup
Event: 9.735 Executing VM operation: G1PauseCleanup done
Event: 10.379 Executing VM operation: G1CollectForAllocation
Event: 10.395 Executing VM operation: G1CollectForAllocation done
Event: 10.459 Executing VM operation: G1CollectForAllocation
Event: 10.465 Executing VM operation: G1CollectForAllocation done
Event: 11.476 Executing VM operation: Cleanup
Event: 11.476 Executing VM operation: Cleanup done
Event: 12.275 Executing VM operation: G1CollectForAllocation

Events (20 events):
Event: 6.613 Thread 0x00000230584fd680 flushing nmethod 0x0000023043047490
Event: 6.613 Thread 0x00000230584fd680 flushing nmethod 0x0000023043047890
Event: 6.613 Thread 0x00000230584fd680 flushing nmethod 0x0000023043047c10
Event: 6.613 Thread 0x00000230584fd680 flushing nmethod 0x0000023043047f90
Event: 6.613 Thread 0x00000230584fd680 flushing nmethod 0x0000023043048510
Event: 6.613 Thread 0x00000230584fd680 flushing nmethod 0x0000023043048a90
Event: 6.613 Thread 0x00000230584fd680 flushing nmethod 0x0000023043049010
Event: 6.613 Thread 0x00000230584fd680 flushing nmethod 0x0000023043049590
Event: 6.613 Thread 0x00000230584fd680 flushing nmethod 0x0000023043049b10
Event: 6.613 Thread 0x00000230584fd680 flushing nmethod 0x000002304304ad90
Event: 6.613 Thread 0x00000230584fd680 flushing nmethod 0x000002304304b490
Event: 6.613 Thread 0x00000230584fd680 flushing nmethod 0x000002304304d890
Event: 6.613 Thread 0x00000230584fd680 flushing nmethod 0x000002304304de10
Event: 6.613 Thread 0x00000230584fd680 flushing nmethod 0x000002304304e390
Event: 6.613 Thread 0x00000230584fd680 flushing nmethod 0x000002304304eb90
Event: 6.613 Thread 0x00000230584fd680 flushing nmethod 0x0000023043051690
Event: 6.613 Thread 0x00000230584fd680 flushing nmethod 0x0000023043051d10
Event: 6.613 Thread 0x00000230584fd680 flushing nmethod 0x000002304305ec10
Event: 9.395 Thread 0x00000230584fd680 flushing nmethod 0x000002304a26bf10
Event: 9.400 Thread 0x00000230584fd680 flushing nmethod 0x0000023042a7c710


Dynamic libraries:
0x00007ff6a18d0000 - 0x00007ff6a18de000 	C:\Users\Admin\.jdks\openjdk-19.0.2\bin\java.exe
0x00007ff833a70000 - 0x00007ff833c68000 	C:\WINDOWS\SYSTEM32\ntdll.dll
0x00007ff831ad0000 - 0x00007ff831b8f000 	C:\WINDOWS\System32\KERNEL32.DLL
0x00007ff831550000 - 0x00007ff831846000 	C:\WINDOWS\System32\KERNELBASE.dll
0x00007ff831450000 - 0x00007ff831550000 	C:\WINDOWS\System32\ucrtbase.dll
0x00007ff81f430000 - 0x00007ff81f44b000 	C:\Users\Admin\.jdks\openjdk-19.0.2\bin\VCRUNTIME140.dll
0x00007ff81f3f0000 - 0x00007ff81f407000 	C:\Users\Admin\.jdks\openjdk-19.0.2\bin\jli.dll
0x00007ff833380000 - 0x00007ff83351d000 	C:\WINDOWS\System32\USER32.dll
0x00007ff8319a0000 - 0x00007ff8319c2000 	C:\WINDOWS\System32\win32u.dll
0x00007ff8332b0000 - 0x00007ff8332dc000 	C:\WINDOWS\System32\GDI32.dll
0x00007ff831850000 - 0x00007ff831965000 	C:\WINDOWS\System32\gdi32full.dll
0x00007ff831150000 - 0x00007ff8311ed000 	C:\WINDOWS\System32\msvcp_win.dll
0x00007ff815ab0000 - 0x00007ff815d4a000 	C:\WINDOWS\WinSxS\amd64_microsoft.windows.common-controls_6595b64144ccf1df_6.0.19041.1110_none_60b5254171f9507e\COMCTL32.dll
0x00007ff832c60000 - 0x00007ff832cfe000 	C:\WINDOWS\System32\msvcrt.dll
0x00007ff833350000 - 0x00007ff833380000 	C:\WINDOWS\System32\IMM32.DLL
0x00007ff82bd00000 - 0x00007ff82bd0c000 	C:\Users\Admin\.jdks\openjdk-19.0.2\bin\vcruntime140_1.dll
0x00007ffffa880000 - 0x00007ffffa90e000 	C:\Users\Admin\.jdks\openjdk-19.0.2\bin\msvcp140.dll
0x00007ffff07f0000 - 0x00007ffff14b0000 	C:\Users\Admin\.jdks\openjdk-19.0.2\bin\server\jvm.dll
0x00007ff833200000 - 0x00007ff8332af000 	C:\WINDOWS\System32\ADVAPI32.dll
0x00007ff8329a0000 - 0x00007ff832a3c000 	C:\WINDOWS\System32\sechost.dll
0x00007ff831b90000 - 0x00007ff831cb6000 	C:\WINDOWS\System32\RPCRT4.dll
0x00007ff82c840000 - 0x00007ff82c849000 	C:\WINDOWS\SYSTEM32\WSOCK32.dll
0x00007ff832a40000 - 0x00007ff832aab000 	C:\WINDOWS\System32\WS2_32.dll
0x00007ff81b470000 - 0x00007ff81b497000 	C:\WINDOWS\SYSTEM32\WINMM.dll
0x00007ff826040000 - 0x00007ff82604a000 	C:\WINDOWS\SYSTEM32\VERSION.dll
0x00007ff82efc0000 - 0x00007ff82efd2000 	C:\WINDOWS\SYSTEM32\kernel.appcore.dll
0x00007ff82bc60000 - 0x00007ff82bc6a000 	C:\Users\Admin\.jdks\openjdk-19.0.2\bin\jimage.dll
0x00007ff81c250000 - 0x00007ff81c434000 	C:\WINDOWS\SYSTEM32\DBGHELP.DLL
0x00007ff81b600000 - 0x00007ff81b634000 	C:\WINDOWS\SYSTEM32\dbgcore.DLL
0x00007ff8319d0000 - 0x00007ff831a52000 	C:\WINDOWS\System32\bcryptPrimitives.dll
0x00007ff82cb90000 - 0x00007ff82cb9e000 	C:\Users\Admin\.jdks\openjdk-19.0.2\bin\instrument.dll
0x00007ff81a130000 - 0x00007ff81a156000 	C:\Users\Admin\.jdks\openjdk-19.0.2\bin\java.dll
0x00007ffff6a00000 - 0x00007ffff6ad7000 	C:\Users\Admin\.jdks\openjdk-19.0.2\bin\jsvml.dll
0x00007ff831d70000 - 0x00007ff8324b4000 	C:\WINDOWS\System32\SHELL32.dll
0x00007ff82f1c0000 - 0x00007ff82f953000 	C:\WINDOWS\SYSTEM32\windows.storage.dll
0x00007ff832d00000 - 0x00007ff833054000 	C:\WINDOWS\System32\combase.dll
0x00007ff8309e0000 - 0x00007ff830a0e000 	C:\WINDOWS\SYSTEM32\Wldp.dll
0x00007ff831cc0000 - 0x00007ff831d6d000 	C:\WINDOWS\System32\SHCORE.dll
0x00007ff8332e0000 - 0x00007ff833335000 	C:\WINDOWS\System32\shlwapi.dll
0x00007ff831090000 - 0x00007ff8310af000 	C:\WINDOWS\SYSTEM32\profapi.dll
0x00007ff81d120000 - 0x00007ff81d138000 	C:\Users\Admin\.jdks\openjdk-19.0.2\bin\zip.dll
0x00007ff80e6d0000 - 0x00007ff80e6e3000 	C:\Users\Admin\.jdks\openjdk-19.0.2\bin\net.dll
0x00007ff82aa80000 - 0x00007ff82ab8a000 	C:\WINDOWS\SYSTEM32\WINHTTP.dll
0x00007ff8307c0000 - 0x00007ff83082a000 	C:\WINDOWS\system32\mswsock.dll
0x00007ff80e2a0000 - 0x00007ff80e2b6000 	C:\Users\Admin\.jdks\openjdk-19.0.2\bin\nio.dll
0x00007ff80d640000 - 0x00007ff80d65a000 	C:\Users\Admin\AppData\Local\JetBrains\Toolbox\apps\IDEA-U\ch-0\232.8660.185\bin\breakgen64.dll
0x00007ff81f1a0000 - 0x00007ff81f1a8000 	C:\Users\Admin\.jdks\openjdk-19.0.2\bin\extnet.dll
0x0000000069ac0000 - 0x0000000069ae4000 	C:\Users\Admin\AppData\Local\Temp\jansi-2.4.0-c6fd19eb5c0f1be2-jansi.dll
0x00007ff81a910000 - 0x00007ff81a920000 	C:\Users\Admin\.jdks\openjdk-19.0.2\bin\verify.dll

dbghelp: loaded successfully - version: 4.0.5 - missing functions: none
symbol engine: initialized successfully - sym options: 0x614 - pdb path: .;C:\Users\Admin\.jdks\openjdk-19.0.2\bin;C:\WINDOWS\SYSTEM32;C:\WINDOWS\WinSxS\amd64_microsoft.windows.common-controls_6595b64144ccf1df_6.0.19041.1110_none_60b5254171f9507e;C:\Users\Admin\.jdks\openjdk-19.0.2\bin\server;C:\Users\Admin\AppData\Local\JetBrains\Toolbox\apps\IDEA-U\ch-0\232.8660.185\bin;C:\Users\Admin\AppData\Local\Temp

VM Arguments:
jvm_args: -Dmaven.multiModuleProjectDirectory=D:\Genie logiciel\fullMicroService\ClientService -Djansi.passthrough=true -Dmaven.home=C:\Users\Admin\AppData\Local\JetBrains\Toolbox\apps\IDEA-U\ch-0\232.8660.185\plugins\maven\lib\maven3 -Dclassworlds.conf=C:\Users\Admin\AppData\Local\JetBrains\Toolbox\apps\IDEA-U\ch-0\232.8660.185\plugins\maven\lib\maven3\bin\m2.conf -Dmaven.ext.class.path=C:\Users\Admin\AppData\Local\JetBrains\Toolbox\apps\IDEA-U\ch-0\232.8660.185\plugins\maven\lib\maven-event-listener.jar -javaagent:C:\Users\Admin\AppData\Local\JetBrains\Toolbox\apps\IDEA-U\ch-0\232.8660.185\lib\idea_rt.jar=60123:C:\Users\Admin\AppData\Local\JetBrains\Toolbox\apps\IDEA-U\ch-0\232.8660.185\bin -Dfile.encoding=UTF-8 -Dsun.stdout.encoding=UTF-8 -Dsun.stderr.encoding=UTF-8 
java_command: org.codehaus.classworlds.Launcher -Didea.version=2023.2 clean compile package
java_class_path (initial): C:\Users\Admin\AppData\Local\JetBrains\Toolbox\apps\IDEA-U\ch-0\232.8660.185\plugins\maven\lib\maven3\boot\plexus-classworlds-2.7.0.jar;C:\Users\Admin\AppData\Local\JetBrains\Toolbox\apps\IDEA-U\ch-0\232.8660.185\plugins\maven\lib\maven3\boot\plexus-classworlds.license
Launcher Type: SUN_STANDARD

[Global flags]
     intx CICompilerCount                          = 3                                         {product} {ergonomic}
     uint ConcGCThreads                            = 1                                         {product} {ergonomic}
     uint G1ConcRefinementThreads                  = 4                                         {product} {ergonomic}
   size_t G1HeapRegionSize                         = 1048576                                   {product} {ergonomic}
    uintx GCDrainStackTargetSize                   = 64                                        {product} {ergonomic}
   size_t InitialHeapSize                          = 134217728                                 {product} {ergonomic}
   size_t MarkStackSize                            = 4194304                                   {product} {ergonomic}
   size_t MaxHeapSize                              = 2116026368                                {product} {ergonomic}
   size_t MaxNewSize                               = 1268776960                                {product} {ergonomic}
   size_t MinHeapDeltaBytes                        = 1048576                                   {product} {ergonomic}
   size_t MinHeapSize                              = 8388608                                   {product} {ergonomic}
    uintx NonNMethodCodeHeapSize                   = 5832780                                {pd product} {ergonomic}
    uintx NonProfiledCodeHeapSize                  = 122912730                              {pd product} {ergonomic}
    uintx ProfiledCodeHeapSize                     = 122912730                              {pd product} {ergonomic}
    uintx ReservedCodeCacheSize                    = 251658240                              {pd product} {ergonomic}
     bool SegmentedCodeCache                       = true                                      {product} {ergonomic}
   size_t SoftMaxHeapSize                          = 2116026368                             {manageable} {ergonomic}
     bool UseCompressedClassPointers               = true                           {product lp64_product} {ergonomic}
     bool UseCompressedOops                        = true                           {product lp64_product} {ergonomic}
     bool UseG1GC                                  = true                                      {product} {ergonomic}
     bool UseLargePagesIndividualAllocation        = false                                  {pd product} {ergonomic}

Logging:
Log output configuration:
 #0: stdout all=warning uptime,level,tags foldmultilines=false
 #1: stderr all=off uptime,level,tags foldmultilines=false

Environment Variables:
JAVA_HOME=D:\Program Files (x86)\JDK
PATH=C:\Python312\Scripts\;C:\Python312\;C:\Program Files (x86)\VMware\VMware Workstation\bin\;C:\Program Files (x86)\Microsoft SDKs\Azure\CLI2\wbin;C:\Python310\Scripts\;C:\Python310\;C:\Program Files\Common Files\Oracle\Java\javapath;C:\Program Files (x86)\Common Files\Oracle\Java\javapath;C:\WINDOWS\system32;C:\WINDOWS;C:\WINDOWS\System32\Wbem;C:\WINDOWS\System32\WindowsPowerShell\v1.0\;C:\WINDOWS\System32\OpenSSH\;C:\Program Files (x86)\dotnet\;C:\Program Files\Java\jdk-16.0.2\bin;C:\Program Files\Git\cmd;C:\ProgramData\chocolatey\bin;C:\Program Files\PuTTY\;C:\xampp\php;C:\composer;C:\Program Files\Microsoft SQL Server\160\Tools\Binn\;C:\Program Files\Microsoft SQL Server\Client SDK\ODBC\170\Tools\Binn\;C:\Program Files\Microsoft SQL Server\160\DTS\Binn\;C:\Program Files\Azure Data Studio\bin;C:\Program Files\Docker\Docker\resources\bin;D:\Program Files\nodejs\;C:\Users\Admin\AppData\Local\Microsoft\WindowsApps;C:\Users\Admin\AppData\Local\Programs\Microsoft VS Code\bin;C:\Users\Admin\AppData\Roaming\Composer\vendor\bin;C:\xampp\mysql\bin;C:\Users\Admin\AppData\Local\JetBrains\Toolbox\scripts;C:\Program Files\Azure Data Studio\bin;C:\Users\Admin\AppData\Roaming\npm;C:\Users\Admin\AppData\Local\Pandoc\
USERNAME=Admin
OS=Windows_NT
PROCESSOR_IDENTIFIER=Intel64 Family 6 Model 78 Stepping 3, GenuineIntel
TMP=C:\Users\Admin\AppData\Local\Temp
TEMP=C:\Users\Admin\AppData\Local\Temp



---------------  S Y S T E M  ---------------

OS:
 Windows 10 , 64 bit Build 19041 (10.0.19041.3031)
OS uptime: 1 days 4:59 hours
Hyper-V role detected

CPU: total 4 (initial active 4) (2 cores per cpu, 2 threads per core) family 6 model 78 stepping 3 microcode 0xcc, cx8, cmov, fxsr, ht, mmx, 3dnowpref, sse, sse2, sse3, ssse3, sse4.1, sse4.2, popcnt, lzcnt, tsc, tscinvbit, avx, avx2, aes, erms, clmul, bmi1, bmi2, adx, fma, vzeroupper, clflush, clflushopt, hv, rdtscp

Memory: 4k page, system-wide physical 8065M (651M free)
TotalPageFile size 17033M (AvailPageFile size 169M)
current process WorkingSet (physical memory assigned to process): 348M, peak: 354M
current process commit charge ("private bytes"): 377M, peak: 593M

vm_info: OpenJDK 64-Bit Server VM (19.0.2+7-44) for windows-amd64 JRE (19.0.2+7-44), built on 2022-11-30T18:02:09Z by "mach5one" with MS VC++ 17.1 (VS2022)

END.
