#
# There is insufficient memory for the Java Runtime Environment to continue.
# Native memory allocation (mmap) failed to map 28311552 bytes for G1 virtual space
# Possible reasons:
#   The system is out of physical RAM or swap space
#   The process is running with CompressedOops enabled, and the Java Heap may be blocking the growth of the native heap
# Possible solutions:
#   Reduce memory load on the system
#   Increase physical memory or swap space
#   Check if swap backing store is full
#   Decrease Java heap size (-Xmx/-Xms)
#   Decrease number of Java threads
#   Decrease Java thread stack sizes (-Xss)
#   Set larger code cache with -XX:ReservedCodeCacheSize=
#   JVM is running with Unscaled Compressed Oops mode in which the Java heap is
#     placed in the first 4GB address space. The Java Heap base address is the
#     maximum limit for the native heap growth. Please use -XX:HeapBaseMinAddress
#     to set the Java Heap base and to place the Java Heap above 4GB virtual address.
# This output file may be truncated or incomplete.
#
#  Out of Memory Error (os_windows.cpp:3536), pid=11564, tid=4452
#
# JRE version: OpenJDK Runtime Environment (19.0.2+7) (build 19.0.2+7-44)
# Java VM: OpenJDK 64-Bit Server VM (19.0.2+7-44, mixed mode, sharing, tiered, compressed oops, compressed class ptrs, g1 gc, windows-amd64)
# No core dump will be written. Minidumps are not enabled by default on client versions of Windows
#

---------------  S U M M A R Y ------------

Command Line: C:\Users\Admin\AppData\Local\Temp\surefire17903476986744024920\surefirebooter-20240125234053627_3.jar C:\Users\Admin\AppData\Local\Temp\surefire17903476986744024920 2024-01-25T23-40-53_405-jvmRun1 surefire-20240125234053627_1tmp surefire_0-20240125234053627_2tmp

Host: Intel(R) Core(TM) i7-6500U CPU @ 2.50GHz, 4 cores, 7G,  Windows 10 , 64 bit Build 19041 (10.0.19041.3031)
Time: Thu Jan 25 23:41:07 2024 Maroc (heure d64 bit Build 19041 (10.0.19041.3031) elapsed time: 13.305364 seconds (0d 0h 0m 13s)

---------------  T H R E A D  ---------------

Current thread (0x00000240cfb4d7b0):  VMThread "VM Thread" [stack: 0x0000007241400000,0x0000007241500000] [id=4452]

Stack: [0x0000007241400000,0x0000007241500000]
Native frames: (J=compiled Java code, j=interpreted, Vv=VM code, C=native code)
V  [jvm.dll+0x6ee21a]
V  [jvm.dll+0x85765e]
V  [jvm.dll+0x85904e]
V  [jvm.dll+0x859703]
V  [jvm.dll+0x28298f]
V  [jvm.dll+0x6eb009]
V  [jvm.dll+0x6dfbaa]
V  [jvm.dll+0x3573f6]
V  [jvm.dll+0x35ee56]
V  [jvm.dll+0x3b541e]
V  [jvm.dll+0x3b564f]
V  [jvm.dll+0x32c9ea]
V  [jvm.dll+0x32ca97]
V  [jvm.dll+0x374cd2]
V  [jvm.dll+0x37340f]
V  [jvm.dll+0x32c210]
V  [jvm.dll+0x3729ab]
V  [jvm.dll+0x85ebc3]
V  [jvm.dll+0x85f989]
V  [jvm.dll+0x85febd]
V  [jvm.dll+0x86034b]
V  [jvm.dll+0x860407]
V  [jvm.dll+0x80125a]
V  [jvm.dll+0x6ecf0b]
C  [ucrtbase.dll+0x21bb2]
C  [KERNEL32.DLL+0x17614]
C  [ntdll.dll+0x526f1]

VM_Operation (0x0000007240efb250): G1CollectForAllocation, mode: safepoint, requested by thread 0x00000240b1c2e9f0


---------------  P R O C E S S  ---------------

Threads class SMR info:
_java_thread_list=0x00000240d6232030, length=15, elements={
0x00000240b1c2e9f0, 0x00000240cfb669d0, 0x00000240cfb676c0, 0x00000240cfb6c3c0,
0x00000240cfb6cef0, 0x00000240cfb6f830, 0x00000240cfb703e0, 0x00000240cfb75690,
0x00000240cfb82040, 0x00000240cfb90a20, 0x00000240d3e01df0, 0x00000240d3e04e10,
0x00000240d465ea00, 0x00000240d4342830, 0x00000240d54a7590
}

Java Threads: ( => current thread )
  0x00000240b1c2e9f0 JavaThread "main" [_thread_blocked, id=8708, stack(0x0000007240e00000,0x0000007240f00000)]
  0x00000240cfb669d0 JavaThread "Reference Handler" daemon [_thread_blocked, id=3168, stack(0x0000007241500000,0x0000007241600000)]
  0x00000240cfb676c0 JavaThread "Finalizer" daemon [_thread_blocked, id=7348, stack(0x0000007241600000,0x0000007241700000)]
  0x00000240cfb6c3c0 JavaThread "Signal Dispatcher" daemon [_thread_blocked, id=4416, stack(0x0000007241700000,0x0000007241800000)]
  0x00000240cfb6cef0 JavaThread "Attach Listener" daemon [_thread_blocked, id=8848, stack(0x0000007241800000,0x0000007241900000)]
  0x00000240cfb6f830 JavaThread "Service Thread" daemon [_thread_blocked, id=2244, stack(0x0000007241900000,0x0000007241a00000)]
  0x00000240cfb703e0 JavaThread "Monitor Deflation Thread" daemon [_thread_blocked, id=10968, stack(0x0000007241a00000,0x0000007241b00000)]
  0x00000240cfb75690 JavaThread "C2 CompilerThread0" daemon [_thread_blocked, id=12388, stack(0x0000007241b00000,0x0000007241c00000)]
  0x00000240cfb82040 JavaThread "C1 CompilerThread0" daemon [_thread_blocked, id=10140, stack(0x0000007241c00000,0x0000007241d00000)]
  0x00000240cfb90a20 JavaThread "Sweeper thread" daemon [_thread_blocked, id=9624, stack(0x0000007241d00000,0x0000007241e00000)]
  0x00000240d3e01df0 JavaThread "Notification Thread" daemon [_thread_blocked, id=13484, stack(0x0000007241e00000,0x0000007241f00000)]
  0x00000240d3e04e10 JavaThread "Common-Cleaner" daemon [_thread_blocked, id=3884, stack(0x0000007242000000,0x0000007242100000)]
  0x00000240d465ea00 JavaThread "surefire-forkedjvm-stream-flusher" daemon [_thread_blocked, id=4456, stack(0x0000007242100000,0x0000007242200000)]
  0x00000240d4342830 JavaThread "surefire-forkedjvm-command-thread" daemon [_thread_in_native, id=5296, stack(0x0000007242200000,0x0000007242300000)]
  0x00000240d54a7590 JavaThread "HikariPool-1 housekeeper" daemon [_thread_blocked, id=9280, stack(0x0000007242600000,0x0000007242700000)]

Other Threads:
=>0x00000240cfb4d7b0 VMThread "VM Thread" [stack: 0x0000007241400000,0x0000007241500000] [id=4452]
  0x00000240d3e04340 WatcherThread "VM Periodic Task Thread" [stack: 0x0000007241f00000,0x0000007242000000] [id=12920]
  0x00000240b1c8df70 WorkerThread "GC Thread#0" [stack: 0x0000007240f00000,0x0000007241000000] [id=3420]
  0x00000240d4047f00 WorkerThread "GC Thread#1" [stack: 0x0000007242300000,0x0000007242400000] [id=11848]
  0x00000240d40481d0 WorkerThread "GC Thread#2" [stack: 0x0000007242400000,0x0000007242500000] [id=12556]
  0x00000240d49f41f0 WorkerThread "GC Thread#3" [stack: 0x0000007242500000,0x0000007242600000] [id=3596]
  0x00000240b1c9ecb0 ConcurrentGCThread "G1 Main Marker" [stack: 0x0000007241000000,0x0000007241100000] [id=5824]
  0x00000240b1c9fe80 WorkerThread "G1 Conc#0" [stack: 0x0000007241100000,0x0000007241200000] [id=13996]
  0x00000240b1cfe100 ConcurrentGCThread "G1 Refine#0" [stack: 0x0000007241200000,0x0000007241300000] [id=13140]
  0x00000240b1cfec40 ConcurrentGCThread "G1 Service" [stack: 0x0000007241300000,0x0000007241400000] [id=7136]

Threads with active compile tasks:
C2 CompilerThread0    13355 5798       4       org.springframework.core.annotation.TypeMappedAnnotations::get (52 bytes)

VM state: at safepoint (normal execution)

VM Mutex/Monitor currently owned by a thread:  ([mutex/lock_event])
[0x00000240b1c2b2d0] Threads_lock - owner thread: 0x00000240cfb4d7b0
[0x00000240b1c2b480] Heap_lock - owner thread: 0x00000240b1c2e9f0

Heap address: 0x0000000081e00000, size: 2018 MB, Compressed Oops mode: 32-bit

CDS archive(s) mapped at: [0x0000000800000000-0x0000000800c40000-0x0000000800c40000), size 12845056, SharedBaseAddress: 0x0000000800000000, ArchiveRelocationMode: 0.
Compressed class space mapped at: 0x0000000801000000-0x0000000841000000, reserved size: 1073741824
Narrow klass base: 0x0000000800000000, Narrow klass shift: 0, Narrow klass range: 0x100000000

GC Precious Log:
 CardTable entry size: 512
 Card Set container configuration: InlinePtr #cards 5 size 8 Array Of Cards #cards 12 size 40 Howl #buckets 4 coarsen threshold 1843 Howl Bitmap #cards 512 size 80 coarsen threshold 460 Card regions per heap region 1 cards per card region 2048
 CPUs: 4 total, 4 available
 Memory: 8065M
 Large Page Support: Disabled
 NUMA Support: Disabled
 Compressed Oops: Enabled (32-bit)
 Heap Region Size: 1M
 Heap Min Capacity: 8M
 Heap Initial Capacity: 128M
 Heap Max Capacity: 2018M
 Pre-touch: Disabled
 Parallel Workers: 4
 Concurrent Workers: 1
 Concurrent Refinement Workers: 4
 Periodic GC: Disabled

Heap:
 garbage-first heap   total 103424K, used 36820K [0x0000000081e00000, 0x0000000100000000)
  region size 1024K, 5 young (5120K), 5 survivors (5120K)
 Metaspace       used 70986K, committed 71744K, reserved 1114112K
  class space    used 9605K, committed 9984K, reserved 1048576K

Heap Regions: E=young(eden), S=young(survivor), O=old, HS=humongous(starts), HC=humongous(continues), CS=collection set, F=free, OA=open archive, CA=closed archive, TAMS=top-at-mark-start (previous, next)
|   0|0x0000000081e00000, 0x0000000081f00000, 0x0000000081f00000|100%|HS|  |TAMS 0x0000000081f00000, 0x0000000081e00000| Complete 
|   1|0x0000000081f00000, 0x0000000082000000, 0x0000000082000000|100%|HS|  |TAMS 0x0000000082000000, 0x0000000081f00000| Complete 
|   2|0x0000000082000000, 0x0000000082100000, 0x0000000082100000|100%| O|  |TAMS 0x0000000082100000, 0x0000000082000000| Untracked 
|   3|0x0000000082100000, 0x0000000082200000, 0x0000000082200000|100%| O|  |TAMS 0x0000000082200000, 0x0000000082100000| Untracked 
|   4|0x0000000082200000, 0x0000000082300000, 0x0000000082300000|100%| O|  |TAMS 0x0000000082300000, 0x0000000082200000| Untracked 
|   5|0x0000000082300000, 0x0000000082400000, 0x0000000082400000|100%| O|  |TAMS 0x0000000082400000, 0x0000000082300000| Untracked 
|   6|0x0000000082400000, 0x0000000082500000, 0x0000000082500000|100%| O|  |TAMS 0x0000000082500000, 0x0000000082400000| Untracked 
|   7|0x0000000082500000, 0x0000000082600000, 0x0000000082600000|100%| O|  |TAMS 0x0000000082600000, 0x0000000082500000| Untracked 
|   8|0x0000000082600000, 0x0000000082700000, 0x0000000082700000|100%| O|  |TAMS 0x0000000082700000, 0x0000000082600000| Untracked 
|   9|0x0000000082700000, 0x0000000082800000, 0x0000000082800000|100%| O|  |TAMS 0x0000000082800000, 0x0000000082700000| Untracked 
|  10|0x0000000082800000, 0x0000000082900000, 0x0000000082900000|100%| O|  |TAMS 0x0000000082900000, 0x0000000082800000| Untracked 
|  11|0x0000000082900000, 0x0000000082a00000, 0x0000000082a00000|100%| O|  |TAMS 0x0000000082a00000, 0x0000000082900000| Untracked 
|  12|0x0000000082a00000, 0x0000000082b00000, 0x0000000082b00000|100%| O|  |TAMS 0x0000000082b00000, 0x0000000082a00000| Untracked 
|  13|0x0000000082b00000, 0x0000000082c00000, 0x0000000082c00000|100%| O|  |TAMS 0x0000000082c00000, 0x0000000082b00000| Untracked 
|  14|0x0000000082c00000, 0x0000000082d00000, 0x0000000082d00000|100%| O|  |TAMS 0x0000000082d00000, 0x0000000082c00000| Untracked 
|  15|0x0000000082d00000, 0x0000000082e00000, 0x0000000082e00000|100%| O|  |TAMS 0x0000000082e00000, 0x0000000082d00000| Untracked 
|  16|0x0000000082e00000, 0x0000000082f00000, 0x0000000082f00000|100%| O|  |TAMS 0x0000000082f00000, 0x0000000082e00000| Untracked 
|  17|0x0000000082f00000, 0x0000000082f00000, 0x0000000083000000|  0%| F|  |TAMS 0x0000000082f00000, 0x0000000082f00000| Untracked 
|  18|0x0000000083000000, 0x0000000083100000, 0x0000000083100000|100%| O|  |TAMS 0x0000000083100000, 0x0000000083000000| Untracked 
|  19|0x0000000083100000, 0x0000000083200000, 0x0000000083200000|100%| O|  |TAMS 0x0000000083200000, 0x0000000083100000| Untracked 
|  20|0x0000000083200000, 0x0000000083300000, 0x0000000083300000|100%| O|  |TAMS 0x0000000083300000, 0x0000000083200000| Untracked 
|  21|0x0000000083300000, 0x0000000083400000, 0x0000000083400000|100%| O|  |TAMS 0x0000000083400000, 0x0000000083300000| Untracked 
|  22|0x0000000083400000, 0x0000000083500000, 0x0000000083500000|100%| O|  |TAMS 0x0000000083500000, 0x0000000083400000| Untracked 
|  23|0x0000000083500000, 0x0000000083600000, 0x0000000083600000|100%| O|  |TAMS 0x0000000083500000, 0x0000000083500000| Untracked 
|  24|0x0000000083600000, 0x0000000083700000, 0x0000000083700000|100%| O|  |TAMS 0x0000000083700000, 0x0000000083600000| Untracked 
|  25|0x0000000083700000, 0x0000000083800000, 0x0000000083800000|100%| O|  |TAMS 0x0000000083800000, 0x0000000083700000| Untracked 
|  26|0x0000000083800000, 0x0000000083900000, 0x0000000083900000|100%| O|  |TAMS 0x0000000083900000, 0x0000000083800000| Untracked 
|  27|0x0000000083900000, 0x0000000083a00000, 0x0000000083a00000|100%| O|  |TAMS 0x0000000083981c00, 0x0000000083900000| Untracked 
|  28|0x0000000083a00000, 0x0000000083b00000, 0x0000000083b00000|100%| O|  |TAMS 0x0000000083a00000, 0x0000000083a00000| Untracked 
|  29|0x0000000083b00000, 0x0000000083c00000, 0x0000000083c00000|100%| O|  |TAMS 0x0000000083b00000, 0x0000000083b00000| Untracked 
|  30|0x0000000083c00000, 0x0000000083d00000, 0x0000000083d00000|100%| O|  |TAMS 0x0000000083c00000, 0x0000000083c00000| Untracked 
|  31|0x0000000083d00000, 0x0000000083e00000, 0x0000000083e00000|100%| O|  |TAMS 0x0000000083d00000, 0x0000000083d00000| Untracked 
|  32|0x0000000083e00000, 0x0000000083e99600, 0x0000000083f00000| 59%| O|  |TAMS 0x0000000083e00000, 0x0000000083e00000| Untracked 
|  33|0x0000000083f00000, 0x0000000083f00000, 0x0000000084000000|  0%| F|  |TAMS 0x0000000083f00000, 0x0000000083f00000| Untracked 
|  34|0x0000000084000000, 0x0000000084000000, 0x0000000084100000|  0%| F|  |TAMS 0x0000000084000000, 0x0000000084000000| Untracked 
|  35|0x0000000084100000, 0x0000000084100000, 0x0000000084200000|  0%| F|  |TAMS 0x0000000084100000, 0x0000000084100000| Untracked 
|  36|0x0000000084200000, 0x0000000084200000, 0x0000000084300000|  0%| F|  |TAMS 0x0000000084200000, 0x0000000084200000| Untracked 
|  37|0x0000000084300000, 0x0000000084300000, 0x0000000084400000|  0%| F|  |TAMS 0x0000000084300000, 0x0000000084300000| Untracked 
|  38|0x0000000084400000, 0x0000000084400000, 0x0000000084500000|  0%| F|  |TAMS 0x0000000084400000, 0x0000000084400000| Untracked 
|  39|0x0000000084500000, 0x0000000084500000, 0x0000000084600000|  0%| F|  |TAMS 0x0000000084500000, 0x0000000084500000| Untracked 
|  40|0x0000000084600000, 0x0000000084600000, 0x0000000084700000|  0%| F|  |TAMS 0x0000000084600000, 0x0000000084600000| Untracked 
|  41|0x0000000084700000, 0x0000000084700000, 0x0000000084800000|  0%| F|  |TAMS 0x0000000084700000, 0x0000000084700000| Untracked 
|  42|0x0000000084800000, 0x0000000084800000, 0x0000000084900000|  0%| F|  |TAMS 0x0000000084800000, 0x0000000084800000| Untracked 
|  43|0x0000000084900000, 0x0000000084900000, 0x0000000084a00000|  0%| F|  |TAMS 0x0000000084900000, 0x0000000084900000| Untracked 
|  44|0x0000000084a00000, 0x0000000084a00000, 0x0000000084b00000|  0%| F|  |TAMS 0x0000000084a00000, 0x0000000084a00000| Untracked 
|  45|0x0000000084b00000, 0x0000000084b5baa0, 0x0000000084c00000| 35%| S|CS|TAMS 0x0000000084b00000, 0x0000000084b00000| Complete 
|  46|0x0000000084c00000, 0x0000000084d00000, 0x0000000084d00000|100%| S|CS|TAMS 0x0000000084c00000, 0x0000000084c00000| Complete 
|  47|0x0000000084d00000, 0x0000000084e00000, 0x0000000084e00000|100%| S|CS|TAMS 0x0000000084d00000, 0x0000000084d00000| Complete 
|  48|0x0000000084e00000, 0x0000000084f00000, 0x0000000084f00000|100%| S|CS|TAMS 0x0000000084e00000, 0x0000000084e00000| Complete 
|  49|0x0000000084f00000, 0x0000000085000000, 0x0000000085000000|100%| S|CS|TAMS 0x0000000084f00000, 0x0000000084f00000| Complete 
|  50|0x0000000085000000, 0x0000000085000000, 0x0000000085100000|  0%| F|  |TAMS 0x0000000085000000, 0x0000000085000000| Untracked 
|  51|0x0000000085100000, 0x0000000085100000, 0x0000000085200000|  0%| F|  |TAMS 0x0000000085100000, 0x0000000085100000| Untracked 
|  52|0x0000000085200000, 0x0000000085200000, 0x0000000085300000|  0%| F|  |TAMS 0x0000000085200000, 0x0000000085200000| Untracked 
|  53|0x0000000085300000, 0x0000000085300000, 0x0000000085400000|  0%| F|  |TAMS 0x0000000085300000, 0x0000000085300000| Untracked 
|  54|0x0000000085400000, 0x0000000085400000, 0x0000000085500000|  0%| F|  |TAMS 0x0000000085400000, 0x0000000085400000| Untracked 
|  55|0x0000000085500000, 0x0000000085500000, 0x0000000085600000|  0%| F|  |TAMS 0x0000000085500000, 0x0000000085500000| Untracked 
|  56|0x0000000085600000, 0x0000000085600000, 0x0000000085700000|  0%| F|  |TAMS 0x0000000085600000, 0x0000000085600000| Untracked 
|  57|0x0000000085700000, 0x0000000085700000, 0x0000000085800000|  0%| F|  |TAMS 0x0000000085700000, 0x0000000085700000| Untracked 
|  58|0x0000000085800000, 0x0000000085800000, 0x0000000085900000|  0%| F|  |TAMS 0x0000000085800000, 0x0000000085800000| Untracked 
|  59|0x0000000085900000, 0x0000000085900000, 0x0000000085a00000|  0%| F|  |TAMS 0x0000000085900000, 0x0000000085900000| Untracked 
|  60|0x0000000085a00000, 0x0000000085a00000, 0x0000000085b00000|  0%| F|  |TAMS 0x0000000085a00000, 0x0000000085a00000| Untracked 
|  61|0x0000000085b00000, 0x0000000085b00000, 0x0000000085c00000|  0%| F|  |TAMS 0x0000000085b00000, 0x0000000085b00000| Untracked 
|  62|0x0000000085c00000, 0x0000000085c00000, 0x0000000085d00000|  0%| F|  |TAMS 0x0000000085c00000, 0x0000000085c00000| Untracked 
|  63|0x0000000085d00000, 0x0000000085d00000, 0x0000000085e00000|  0%| F|  |TAMS 0x0000000085d00000, 0x0000000085d00000| Untracked 
|  64|0x0000000085e00000, 0x0000000085e00000, 0x0000000085f00000|  0%| F|  |TAMS 0x0000000085e00000, 0x0000000085e00000| Untracked 
|  65|0x0000000085f00000, 0x0000000085f00000, 0x0000000086000000|  0%| F|  |TAMS 0x0000000085f00000, 0x0000000085f00000| Untracked 
|  66|0x0000000086000000, 0x0000000086000000, 0x0000000086100000|  0%| F|  |TAMS 0x0000000086000000, 0x0000000086000000| Untracked 
|  67|0x0000000086100000, 0x0000000086100000, 0x0000000086200000|  0%| F|  |TAMS 0x0000000086100000, 0x0000000086100000| Untracked 
|  68|0x0000000086200000, 0x0000000086200000, 0x0000000086300000|  0%| F|  |TAMS 0x0000000086200000, 0x0000000086200000| Untracked 
|  69|0x0000000086300000, 0x0000000086300000, 0x0000000086400000|  0%| F|  |TAMS 0x0000000086300000, 0x0000000086300000| Untracked 
|  70|0x0000000086400000, 0x0000000086400000, 0x0000000086500000|  0%| F|  |TAMS 0x0000000086400000, 0x0000000086400000| Untracked 
|  71|0x0000000086500000, 0x0000000086500000, 0x0000000086600000|  0%| F|  |TAMS 0x0000000086500000, 0x0000000086500000| Untracked 
|  72|0x0000000086600000, 0x0000000086600000, 0x0000000086700000|  0%| F|  |TAMS 0x0000000086600000, 0x0000000086600000| Untracked 
|  73|0x0000000086700000, 0x0000000086700000, 0x0000000086800000|  0%| F|  |TAMS 0x0000000086700000, 0x0000000086700000| Untracked 
|  74|0x0000000086800000, 0x0000000086800000, 0x0000000086900000|  0%| F|  |TAMS 0x0000000086800000, 0x0000000086800000| Untracked 
|  75|0x0000000086900000, 0x0000000086900000, 0x0000000086a00000|  0%| F|  |TAMS 0x0000000086900000, 0x0000000086900000| Untracked 
|  76|0x0000000086a00000, 0x0000000086a00000, 0x0000000086b00000|  0%| F|  |TAMS 0x0000000086a00000, 0x0000000086a00000| Untracked 
|  77|0x0000000086b00000, 0x0000000086b00000, 0x0000000086c00000|  0%| F|  |TAMS 0x0000000086b00000, 0x0000000086b00000| Untracked 
|  78|0x0000000086c00000, 0x0000000086c00000, 0x0000000086d00000|  0%| F|  |TAMS 0x0000000086c00000, 0x0000000086c00000| Untracked 
|  79|0x0000000086d00000, 0x0000000086d00000, 0x0000000086e00000|  0%| F|  |TAMS 0x0000000086d00000, 0x0000000086d00000| Untracked 
|  80|0x0000000086e00000, 0x0000000086e00000, 0x0000000086f00000|  0%| F|  |TAMS 0x0000000086e00000, 0x0000000086e00000| Untracked 
|  81|0x0000000086f00000, 0x0000000086f00000, 0x0000000087000000|  0%| F|  |TAMS 0x0000000086f00000, 0x0000000086f00000| Untracked 
|  82|0x0000000087000000, 0x0000000087000000, 0x0000000087100000|  0%| F|  |TAMS 0x0000000087000000, 0x0000000087000000| Untracked 
|  83|0x0000000087100000, 0x0000000087100000, 0x0000000087200000|  0%| F|  |TAMS 0x0000000087100000, 0x0000000087100000| Untracked 
|  84|0x0000000087200000, 0x0000000087200000, 0x0000000087300000|  0%| F|  |TAMS 0x0000000087200000, 0x0000000087200000| Untracked 
|  85|0x0000000087300000, 0x0000000087300000, 0x0000000087400000|  0%| F|  |TAMS 0x0000000087300000, 0x0000000087300000| Untracked 
|  86|0x0000000087400000, 0x0000000087400000, 0x0000000087500000|  0%| F|  |TAMS 0x0000000087400000, 0x0000000087400000| Untracked 
|  87|0x0000000087500000, 0x0000000087500000, 0x0000000087600000|  0%| F|  |TAMS 0x0000000087500000, 0x0000000087500000| Untracked 
|  88|0x0000000087600000, 0x0000000087600000, 0x0000000087700000|  0%| F|  |TAMS 0x0000000087600000, 0x0000000087600000| Untracked 
|  89|0x0000000087700000, 0x0000000087700000, 0x0000000087800000|  0%| F|  |TAMS 0x0000000087700000, 0x0000000087700000| Untracked 
|  90|0x0000000087800000, 0x0000000087800000, 0x0000000087900000|  0%| F|  |TAMS 0x0000000087800000, 0x0000000087800000| Untracked 
|  91|0x0000000087900000, 0x0000000087900000, 0x0000000087a00000|  0%| F|  |TAMS 0x0000000087900000, 0x0000000087900000| Untracked 
|  92|0x0000000087a00000, 0x0000000087a00000, 0x0000000087b00000|  0%| F|  |TAMS 0x0000000087a00000, 0x0000000087a00000| Untracked 
|  93|0x0000000087b00000, 0x0000000087b00000, 0x0000000087c00000|  0%| F|  |TAMS 0x0000000087b00000, 0x0000000087b00000| Untracked 
|  94|0x0000000087c00000, 0x0000000087c00000, 0x0000000087d00000|  0%| F|  |TAMS 0x0000000087c00000, 0x0000000087c00000| Untracked 
|  95|0x0000000087d00000, 0x0000000087d00000, 0x0000000087e00000|  0%| F|  |TAMS 0x0000000087d00000, 0x0000000087d00000| Untracked 
|  96|0x0000000087e00000, 0x0000000087e00000, 0x0000000087f00000|  0%| F|  |TAMS 0x0000000087e00000, 0x0000000087e00000| Untracked 
|  97|0x0000000087f00000, 0x0000000087f00000, 0x0000000088000000|  0%| F|  |TAMS 0x0000000087f00000, 0x0000000087f00000| Untracked 
|  98|0x0000000088000000, 0x0000000088000000, 0x0000000088100000|  0%| F|  |TAMS 0x0000000088000000, 0x0000000088000000| Untracked 
|  99|0x0000000088100000, 0x0000000088100000, 0x0000000088200000|  0%| F|  |TAMS 0x0000000088100000, 0x0000000088100000| Untracked 
| 127|0x0000000089d00000, 0x0000000089d00000, 0x0000000089e00000|  0%| F|  |TAMS 0x0000000089d00000, 0x0000000089d00000| Untracked 

Card table byte_map: [0x00000240c8f90000,0x00000240c9390000] _byte_map_base: 0x00000240c8b81000

Marking Bits (Prev, Next): (CMBitMap*) 0x00000240b1c8e5e0, (CMBitMap*) 0x00000240b1c8e5a0
 Prev Bits: [0x00000240cb720000, 0x00000240cd6a8000)
 Next Bits: [0x00000240c9790000, 0x00000240cb718000)

Polling page: 0x00000240afb80000

Metaspace:

Usage:
  Non-class:     59.94 MB used.
      Class:      9.38 MB used.
       Both:     69.32 MB used.

Virtual space:
  Non-class space:       64.00 MB reserved,      60.31 MB ( 94%) committed,  1 nodes.
      Class space:        1.00 GB reserved,       9.75 MB ( <1%) committed,  1 nodes.
             Both:        1.06 GB reserved,      70.06 MB (  6%) committed. 

Chunk freelists:
   Non-Class:  3.12 MB
       Class:  2.27 MB
        Both:  5.39 MB

MaxMetaspaceSize: unlimited
CompressedClassSpaceSize: 1.00 GB
Initial GC threshold: 21.00 MB
Current GC threshold: 99.81 MB
CDS: on
MetaspaceReclaimPolicy: balanced
 - commit_granule_bytes: 65536.
 - commit_granule_words: 8192.
 - virtual_space_node_default_size: 8388608.
 - enlarge_chunks_in_place: 1.
 - new_chunks_are_fully_committed: 0.
 - uncommit_free_chunks: 1.
 - use_allocation_guard: 0.


Internal statistics:

num_allocs_failed_limit: 17.
num_arena_births: 1104.
num_arena_deaths: 0.
num_vsnodes_births: 2.
num_vsnodes_deaths: 0.
num_space_committed: 1121.
num_space_uncommitted: 0.
num_chunks_returned_to_freelist: 17.
num_chunks_taken_from_freelist: 3750.
num_chunk_merges: 17.
num_chunk_splits: 2719.
num_chunks_enlarged: 2174.
num_inconsistent_stats: 0.

CodeHeap 'non-profiled nmethods': size=120000Kb used=2554Kb max_used=2555Kb free=117445Kb
 bounds [0x00000240c1660000, 0x00000240c1920000, 0x00000240c8b90000]
CodeHeap 'profiled nmethods': size=120000Kb used=9506Kb max_used=10472Kb free=110493Kb
 bounds [0x00000240b9b90000, 0x00000240ba5d0000, 0x00000240c10c0000]
CodeHeap 'non-nmethods': size=5760Kb used=1414Kb max_used=1493Kb free=4345Kb
 bounds [0x00000240c10c0000, 0x00000240c1330000, 0x00000240c1660000]
 total_blobs=5685 nmethods=5017 adapters=577
 compilation: enabled
              stopped_count=0, restarted_count=0
 full_count=0

Compilation events (20 events):
Event: 13.258 Thread 0x00000240cfb82040 5833       2       org.springframework.beans.factory.annotation.AutowiredAnnotationBeanPostProcessor::buildAutowiringMetadata (114 bytes)
Event: 13.260 Thread 0x00000240cfb82040 nmethod 5833 0x00000240b9b9ef90 code [0x00000240b9b9f220, 0x00000240b9b9fcc8]
Event: 13.261 Thread 0x00000240cfb82040 5834       3       org.springframework.core.MethodParameter::getNestedParameterType (138 bytes)
Event: 13.262 Thread 0x00000240cfb82040 nmethod 5834 0x00000240ba278e90 code [0x00000240ba279180, 0x00000240ba27a628]
Event: 13.262 Thread 0x00000240cfb82040 5835       2       org.springframework.beans.factory.support.ConstructorResolver$ConstructorDependencyDescriptor::resolveShortcut (25 bytes)
Event: 13.262 Thread 0x00000240cfb82040 nmethod 5835 0x00000240ba278a90 code [0x00000240ba278c40, 0x00000240ba278dd8]
Event: 13.266 Thread 0x00000240cfb82040 5836       2       org.springframework.beans.factory.support.DefaultListableBeanFactory::addCandidateEntry (116 bytes)
Event: 13.267 Thread 0x00000240cfb82040 nmethod 5836 0x00000240ba278210 code [0x00000240ba278420, 0x00000240ba2788a8]
Event: 13.268 Thread 0x00000240cfb82040 5837       2       org.springframework.orm.jpa.AbstractEntityManagerFactoryBean::getObjectType (20 bytes)
Event: 13.269 Thread 0x00000240cfb82040 nmethod 5837 0x00000240ba277e10 code [0x00000240ba277fc0, 0x00000240ba278118]
Event: 13.269 Thread 0x00000240cfb82040 5838       2       org.springframework.beans.factory.InjectionPoint::<init> (47 bytes)
Event: 13.269 Thread 0x00000240cfb82040 nmethod 5838 0x00000240ba277690 code [0x00000240ba277840, 0x00000240ba277b28]
Event: 13.271 Thread 0x00000240cfb82040 5839       2       java.lang.invoke.LambdaForm$MH/0x0000000801896800::invoke (42 bytes)
Event: 13.271 Thread 0x00000240cfb82040 nmethod 5839 0x00000240b9be3e10 code [0x00000240b9be3fe0, 0x00000240b9be4268]
Event: 13.271 Thread 0x00000240cfb82040 5840       2       org.springframework.beans.factory.config.DependencyDescriptor::<init> (74 bytes)
Event: 13.272 Thread 0x00000240cfb82040 nmethod 5840 0x00000240b9be3510 code [0x00000240b9be3720, 0x00000240b9be3bf8]
Event: 13.276 Thread 0x00000240cfb82040 5841       2       java.lang.invoke.InvokerBytecodeGenerator::emitArrayOp (113 bytes)
Event: 13.276 Thread 0x00000240cfb82040 nmethod 5841 0x00000240b9be2d10 code [0x00000240b9be2f20, 0x00000240b9be3208]
Event: 13.278 Thread 0x00000240cfb82040 5842       2       org.springframework.beans.factory.support.DefaultListableBeanFactory::resolveMultipleBeans (343 bytes)
Event: 13.280 Thread 0x00000240cfb82040 nmethod 5842 0x00000240b9be0f90 code [0x00000240b9be1320, 0x00000240b9be2238]

GC Heap History (20 events):
Event: 4.768 GC heap after
{Heap after GC invocations=7 (full 0):
 garbage-first heap   total 58368K, used 19571K [0x0000000081e00000, 0x0000000100000000)
  region size 1024K, 1 young (1024K), 1 survivors (1024K)
 Metaspace       used 25086K, committed 25344K, reserved 1114112K
  class space    used 3076K, committed 3200K, reserved 1048576K
}
Event: 5.260 GC heap before
{Heap before GC invocations=7 (full 0):
 garbage-first heap   total 58368K, used 40051K [0x0000000081e00000, 0x0000000100000000)
  region size 1024K, 21 young (21504K), 1 survivors (1024K)
 Metaspace       used 27061K, committed 27328K, reserved 1114112K
  class space    used 3317K, committed 3456K, reserved 1048576K
}
Event: 5.264 GC heap after
{Heap after GC invocations=8 (full 0):
 garbage-first heap   total 58368K, used 20624K [0x0000000081e00000, 0x0000000100000000)
  region size 1024K, 2 young (2048K), 2 survivors (2048K)
 Metaspace       used 27061K, committed 27328K, reserved 1114112K
  class space    used 3317K, committed 3456K, reserved 1048576K
}
Event: 5.962 GC heap before
{Heap before GC invocations=8 (full 0):
 garbage-first heap   total 58368K, used 41104K [0x0000000081e00000, 0x0000000100000000)
  region size 1024K, 22 young (22528K), 2 survivors (2048K)
 Metaspace       used 30429K, committed 30848K, reserved 1114112K
  class space    used 3862K, committed 4032K, reserved 1048576K
}
Event: 5.970 GC heap after
{Heap after GC invocations=9 (full 0):
 garbage-first heap   total 58368K, used 21940K [0x0000000081e00000, 0x0000000100000000)
  region size 1024K, 2 young (2048K), 2 survivors (2048K)
 Metaspace       used 30429K, committed 30848K, reserved 1114112K
  class space    used 3862K, committed 4032K, reserved 1048576K
}
Event: 6.665 GC heap before
{Heap before GC invocations=9 (full 0):
 garbage-first heap   total 58368K, used 42420K [0x0000000081e00000, 0x0000000100000000)
  region size 1024K, 22 young (22528K), 2 survivors (2048K)
 Metaspace       used 33193K, committed 33600K, reserved 1114112K
  class space    used 4245K, committed 4416K, reserved 1048576K
}
Event: 6.674 GC heap after
{Heap after GC invocations=10 (full 0):
 garbage-first heap   total 103424K, used 23552K [0x0000000081e00000, 0x0000000100000000)
  region size 1024K, 3 young (3072K), 3 survivors (3072K)
 Metaspace       used 33193K, committed 33600K, reserved 1114112K
  class space    used 4245K, committed 4416K, reserved 1048576K
}
Event: 7.307 GC heap before
{Heap before GC invocations=10 (full 0):
 garbage-first heap   total 103424K, used 38912K [0x0000000081e00000, 0x0000000100000000)
  region size 1024K, 19 young (19456K), 3 survivors (3072K)
 Metaspace       used 35593K, committed 35968K, reserved 1114112K
  class space    used 4554K, committed 4736K, reserved 1048576K
}
Event: 7.318 GC heap after
{Heap after GC invocations=11 (full 0):
 garbage-first heap   total 103424K, used 24838K [0x0000000081e00000, 0x0000000100000000)
  region size 1024K, 5 young (5120K), 5 survivors (5120K)
 Metaspace       used 35593K, committed 35968K, reserved 1114112K
  class space    used 4554K, committed 4736K, reserved 1048576K
}
Event: 9.154 GC heap before
{Heap before GC invocations=12 (full 0):
 garbage-first heap   total 92160K, used 75014K [0x0000000081e00000, 0x0000000100000000)
  region size 1024K, 54 young (55296K), 5 survivors (5120K)
 Metaspace       used 49738K, committed 50240K, reserved 1114112K
  class space    used 6463K, committed 6720K, reserved 1048576K
}
Event: 9.166 GC heap after
{Heap after GC invocations=13 (full 0):
 garbage-first heap   total 92160K, used 27763K [0x0000000081e00000, 0x0000000100000000)
  region size 1024K, 6 young (6144K), 6 survivors (6144K)
 Metaspace       used 49738K, committed 50240K, reserved 1114112K
  class space    used 6463K, committed 6720K, reserved 1048576K
}
Event: 9.191 GC heap before
{Heap before GC invocations=13 (full 0):
 garbage-first heap   total 92160K, used 28787K [0x0000000081e00000, 0x0000000100000000)
  region size 1024K, 7 young (7168K), 6 survivors (6144K)
 Metaspace       used 50085K, committed 50624K, reserved 1114112K
  class space    used 6483K, committed 6720K, reserved 1048576K
}
Event: 9.204 GC heap after
{Heap after GC invocations=14 (full 0):
 garbage-first heap   total 92160K, used 28133K [0x0000000081e00000, 0x0000000100000000)
  region size 1024K, 1 young (1024K), 1 survivors (1024K)
 Metaspace       used 50085K, committed 50624K, reserved 1114112K
  class space    used 6483K, committed 6720K, reserved 1048576K
}
Event: 10.237 GC heap before
{Heap before GC invocations=14 (full 0):
 garbage-first heap   total 92160K, used 62949K [0x0000000081e00000, 0x0000000100000000)
  region size 1024K, 37 young (37888K), 1 survivors (1024K)
 Metaspace       used 60248K, committed 60800K, reserved 1114112K
  class space    used 8060K, committed 8320K, reserved 1048576K
}
Event: 10.243 GC heap after
{Heap after GC invocations=15 (full 0):
 garbage-first heap   total 92160K, used 29570K [0x0000000081e00000, 0x0000000100000000)
  region size 1024K, 3 young (3072K), 3 survivors (3072K)
 Metaspace       used 60248K, committed 60800K, reserved 1114112K
  class space    used 8060K, committed 8320K, reserved 1048576K
}
Event: 11.281 GC heap before
{Heap before GC invocations=16 (full 0):
 garbage-first heap   total 92160K, used 72578K [0x0000000081e00000, 0x0000000100000000)
  region size 1024K, 45 young (46080K), 3 survivors (3072K)
 Metaspace       used 65249K, committed 65856K, reserved 1114112K
  class space    used 8815K, committed 9088K, reserved 1048576K
}
Event: 11.292 GC heap after
{Heap after GC invocations=17 (full 0):
 garbage-first heap   total 92160K, used 32860K [0x0000000081e00000, 0x0000000100000000)
  region size 1024K, 6 young (6144K), 6 survivors (6144K)
 Metaspace       used 65249K, committed 65856K, reserved 1114112K
  class space    used 8815K, committed 9088K, reserved 1048576K
}
Event: 11.305 GC heap before
{Heap before GC invocations=17 (full 0):
 garbage-first heap   total 92160K, used 33884K [0x0000000081e00000, 0x0000000100000000)
  region size 1024K, 7 young (7168K), 6 survivors (6144K)
 Metaspace       used 65322K, committed 65920K, reserved 1114112K
  class space    used 8827K, committed 9088K, reserved 1048576K
}
Event: 11.317 GC heap after
{Heap after GC invocations=18 (full 0):
 garbage-first heap   total 92160K, used 33291K [0x0000000081e00000, 0x0000000100000000)
  region size 1024K, 1 young (1024K), 1 survivors (1024K)
 Metaspace       used 65322K, committed 65920K, reserved 1114112K
  class space    used 8827K, committed 9088K, reserved 1048576K
}
Event: 13.289 GC heap before
{Heap before GC invocations=18 (full 0):
 garbage-first heap   total 92160K, used 72203K [0x0000000081e00000, 0x0000000100000000)
  region size 1024K, 40 young (40960K), 1 survivors (1024K)
 Metaspace       used 70986K, committed 71744K, reserved 1114112K
  class space    used 9605K, committed 9984K, reserved 1048576K
}

Dll operation events (10 events):
Event: 0.008 Loaded shared library C:\Users\Admin\.jdks\openjdk-19.0.2\bin\java.dll
Event: 0.021 Loaded shared library C:\Users\Admin\.jdks\openjdk-19.0.2\bin\jsvml.dll
Event: 0.072 Loaded shared library C:\Users\Admin\.jdks\openjdk-19.0.2\bin\net.dll
Event: 0.074 Loaded shared library C:\Users\Admin\.jdks\openjdk-19.0.2\bin\nio.dll
Event: 0.078 Loaded shared library C:\Users\Admin\.jdks\openjdk-19.0.2\bin\zip.dll
Event: 0.248 Loaded shared library C:\Users\Admin\.jdks\openjdk-19.0.2\bin\management.dll
Event: 0.257 Loaded shared library C:\Users\Admin\.jdks\openjdk-19.0.2\bin\management_ext.dll
Event: 0.291 Loaded shared library C:\Users\Admin\.jdks\openjdk-19.0.2\bin\jimage.dll
Event: 4.227 Loaded shared library C:\Users\Admin\.jdks\openjdk-19.0.2\bin\sunmscapi.dll
Event: 8.267 Loaded shared library C:\Users\Admin\.jdks\openjdk-19.0.2\bin\verify.dll

Deoptimization events (20 events):
Event: 12.900 Thread 0x00000240b1c2e9f0 Uncommon trap: trap_request=0xffffffc6 fr.pc=0x00000240c180db94 relative=0x0000000000005b74
Event: 12.900 Thread 0x00000240b1c2e9f0 Uncommon trap: reason=bimorphic_or_optimized_type_check action=maybe_recompile pc=0x00000240c180db94 method=org.springframework.core.annotation.AnnotationsScanner.processClassInheritedAnnotations(Ljava/lang/Object;Ljava/lang/Class;Lorg/springframework/cor
Event: 12.900 Thread 0x00000240b1c2e9f0 DEOPT PACKING pc=0x00000240c180db94 sp=0x0000007240efb580
Event: 12.900 Thread 0x00000240b1c2e9f0 DEOPT UNPACKING pc=0x00000240c1126da3 sp=0x0000007240efb3e8 mode 2
Event: 12.900 Thread 0x00000240b1c2e9f0 Uncommon trap: trap_request=0xffffffc6 fr.pc=0x00000240c180db94 relative=0x0000000000005b74
Event: 12.900 Thread 0x00000240b1c2e9f0 Uncommon trap: reason=bimorphic_or_optimized_type_check action=maybe_recompile pc=0x00000240c180db94 method=org.springframework.core.annotation.AnnotationsScanner.processClassInheritedAnnotations(Ljava/lang/Object;Ljava/lang/Class;Lorg/springframework/cor
Event: 12.900 Thread 0x00000240b1c2e9f0 DEOPT PACKING pc=0x00000240c180db94 sp=0x0000007240efb580
Event: 12.900 Thread 0x00000240b1c2e9f0 DEOPT UNPACKING pc=0x00000240c1126da3 sp=0x0000007240efb3e8 mode 2
Event: 12.900 Thread 0x00000240b1c2e9f0 Uncommon trap: trap_request=0xffffffc6 fr.pc=0x00000240c180db94 relative=0x0000000000005b74
Event: 12.900 Thread 0x00000240b1c2e9f0 Uncommon trap: reason=bimorphic_or_optimized_type_check action=maybe_recompile pc=0x00000240c180db94 method=org.springframework.core.annotation.AnnotationsScanner.processClassInheritedAnnotations(Ljava/lang/Object;Ljava/lang/Class;Lorg/springframework/cor
Event: 12.900 Thread 0x00000240b1c2e9f0 DEOPT PACKING pc=0x00000240c180db94 sp=0x0000007240efb580
Event: 12.900 Thread 0x00000240b1c2e9f0 DEOPT UNPACKING pc=0x00000240c1126da3 sp=0x0000007240efb3e8 mode 2
Event: 12.900 Thread 0x00000240b1c2e9f0 Uncommon trap: trap_request=0xffffffc6 fr.pc=0x00000240c180db94 relative=0x0000000000005b74
Event: 12.900 Thread 0x00000240b1c2e9f0 Uncommon trap: reason=bimorphic_or_optimized_type_check action=maybe_recompile pc=0x00000240c180db94 method=org.springframework.core.annotation.AnnotationsScanner.processClassInheritedAnnotations(Ljava/lang/Object;Ljava/lang/Class;Lorg/springframework/cor
Event: 12.900 Thread 0x00000240b1c2e9f0 DEOPT PACKING pc=0x00000240c180db94 sp=0x0000007240efb580
Event: 12.900 Thread 0x00000240b1c2e9f0 DEOPT UNPACKING pc=0x00000240c1126da3 sp=0x0000007240efb3e8 mode 2
Event: 13.223 Thread 0x00000240b1c2e9f0 DEOPT PACKING pc=0x00000240ba32eff8 sp=0x0000007240efb360
Event: 13.223 Thread 0x00000240b1c2e9f0 DEOPT UNPACKING pc=0x00000240c1127543 sp=0x0000007240efa900 mode 0
Event: 13.244 Thread 0x00000240b1c2e9f0 DEOPT PACKING pc=0x00000240ba32eff8 sp=0x0000007240ef8b30
Event: 13.244 Thread 0x00000240b1c2e9f0 DEOPT UNPACKING pc=0x00000240c1127543 sp=0x0000007240ef80d0 mode 0

Classes loaded (20 events):
Event: 12.495 Loading class java/net/URL$ThreadTrackHolder
Event: 12.503 Loading class java/net/URL$ThreadTrackHolder done
Event: 12.503 Loading class jdk/internal/misc/ThreadTracker
Event: 12.513 Loading class jdk/internal/misc/ThreadTracker done
Event: 12.513 Loading class jdk/internal/misc/ThreadTracker$ThreadRef
Event: 12.514 Loading class jdk/internal/misc/ThreadTracker$ThreadRef done
Event: 12.514 Loading class java/net/URL$2
Event: 12.514 Loading class java/net/URL$2 done
Event: 12.514 Loading class java/net/URL$1
Event: 12.517 Loading class java/net/URL$1 done
Event: 12.517 Loading class java/net/spi/URLStreamHandlerProvider
Event: 12.518 Loading class java/net/spi/URLStreamHandlerProvider done
Event: 12.519 Loading class sun/net/www/protocol/http/Handler
Event: 12.521 Loading class sun/net/www/protocol/http/Handler done
Event: 12.543 Loading class javax/crypto/SecretKey
Event: 12.543 Loading class javax/crypto/SecretKey done
Event: 12.579 Loading class java/time/Duration$1
Event: 12.580 Loading class java/time/Duration$1 done
Event: 12.734 Loading class java/lang/UnsatisfiedLinkError
Event: 12.735 Loading class java/lang/UnsatisfiedLinkError done

Classes unloaded (0 events):
No events

Classes redefined (0 events):
No events

Internal exceptions (20 events):
Event: 10.614 Thread 0x00000240b1c2e9f0 Exception <a 'java/lang/NoSuchMethodError'{0x000000008699d188}: 'java.lang.Object java.lang.invoke.DirectMethodHandle$Holder.newInvokeSpecial(java.lang.Object, java.lang.Object, java.lang.Object, java.lang.Object, java.lang.Object, java.lang.Object, java.lang.Object, java.lang.Object)'> (0x000000008699d188) 
thrown [s\open\src\hotspot\share\interpreter\linkResolver.cpp, line 774]
Event: 10.672 Thread 0x00000240b1c2e9f0 Exception <a 'java/lang/NoSuchMethodError'{0x0000000086480910}: 'java.lang.Object java.lang.invoke.DirectMethodHandle$Holder.invokeVirtual(java.lang.Object, java.lang.Object, java.lang.Object, java.lang.Object, java.lang.Object, java.lang.Object)'> (0x0000000086480910) 
thrown [s\open\src\hotspot\share\interpreter\linkResolver.cpp, line 774]
Event: 10.749 Thread 0x00000240b1c2e9f0 Exception <a 'java/lang/NoSuchMethodError'{0x00000000860239b0}: 'java.lang.Object java.lang.invoke.DirectMethodHandle$Holder.invokeVirtual(java.lang.Object, java.lang.Object, java.lang.Object, java.lang.Object, java.lang.Object, java.lang.Object, java.lang.Object)'> (0x00000000860239b0) 
thrown [s\open\src\hotspot\share\interpreter\linkResolver.cpp, line 774]
Event: 10.815 Thread 0x00000240b1c2e9f0 Exception <a 'java/lang/NoSuchMethodError'{0x0000000085e100f0}: 'java.lang.Object java.lang.invoke.DirectMethodHandle$Holder.newInvokeSpecial(java.lang.Object, java.lang.Object, java.lang.Object, java.lang.Object, java.lang.Object, java.lang.Object, java.lang.Object, java.lang.Object, java.lang.Object)'> (0x0000000085e100f0) 
thrown [s\open\src\hotspot\share\interpreter\linkResolver.cpp, line 774]
Event: 10.821 Thread 0x00000240b1c2e9f0 Exception <a 'java/lang/IncompatibleClassChangeError'{0x0000000085e53f78}: Found class java.lang.Object, but interface was expected> (0x0000000085e53f78) 
thrown [s\open\src\hotspot\share\interpreter\linkResolver.cpp, line 841]
Event: 10.853 Thread 0x00000240b1c2e9f0 Exception <a 'sun/nio/fs/WindowsException'{0x0000000085d5cd90}> (0x0000000085d5cd90) 
thrown [s\open\src\hotspot\share\prims\jni.cpp, line 517]
Event: 10.854 Thread 0x00000240b1c2e9f0 Exception <a 'sun/nio/fs/WindowsException'{0x0000000085d60650}> (0x0000000085d60650) 
thrown [s\open\src\hotspot\share\prims\jni.cpp, line 517]
Event: 10.882 Thread 0x00000240b1c2e9f0 Exception <a 'java/lang/NoSuchMethodError'{0x0000000085c8acf8}: 'void java.lang.invoke.DelegatingMethodHandle$Holder.reinvoke_L(java.lang.Object, java.lang.Object, int, java.lang.Object)'> (0x0000000085c8acf8) 
thrown [s\open\src\hotspot\share\interpreter\linkResolver.cpp, line 774]
Event: 11.182 Thread 0x00000240b1c2e9f0 Exception <a 'sun/nio/fs/WindowsException'{0x0000000084e5fb68}> (0x0000000084e5fb68) 
thrown [s\open\src\hotspot\share\prims\jni.cpp, line 517]
Event: 11.208 Thread 0x00000240b1c2e9f0 Exception <a 'java/lang/NoSuchMethodError'{0x0000000084d7c398}: 'java.lang.Object java.lang.invoke.DirectMethodHandle$Holder.invokeVirtual(java.lang.Object, java.lang.Object, int)'> (0x0000000084d7c398) 
thrown [s\open\src\hotspot\share\interpreter\linkResolver.cpp, line 774]
Event: 11.294 Thread 0x00000240b1c2e9f0 Exception <a 'java/lang/NoSuchMethodError'{0x0000000089d1b068}: 'java.lang.Object java.lang.invoke.DirectMethodHandle$Holder.invokeVirtual(java.lang.Object, java.lang.Object, java.lang.Object, java.lang.Object, java.lang.Object, java.lang.Object, java.lang.Object, java.lang.Object)'> (0x0000000089d1b068) 
thrown [s\open\src\hotspot\share\interpreter\linkResolver.cpp, line 774]
Event: 11.758 Thread 0x00000240b1c2e9f0 Exception <a 'java/lang/IncompatibleClassChangeError'{0x0000000086c02430}: Found class java.lang.Object, but interface was expected> (0x0000000086c02430) 
thrown [s\open\src\hotspot\share\interpreter\linkResolver.cpp, line 841]
Event: 12.838 Thread 0x00000240b1c2e9f0 Exception <a 'java/lang/NoSuchMethodError'{0x00000000860de810}: 'void java.lang.invoke.DirectMethodHandle$Holder.invokeInterface(java.lang.Object, java.lang.Object, int)'> (0x00000000860de810) 
thrown [s\open\src\hotspot\share\interpreter\linkResolver.cpp, line 774]
Event: 12.843 Thread 0x00000240b1c2e9f0 Exception <a 'java/lang/IncompatibleClassChangeError'{0x0000000085f2d460}: Found class java.lang.Object, but interface was expected> (0x0000000085f2d460) 
thrown [s\open\src\hotspot\share\interpreter\linkResolver.cpp, line 841]
Event: 12.844 Thread 0x00000240b1c2e9f0 Exception <a 'java/lang/NoSuchMethodError'{0x0000000085f3e200}: 'int java.lang.invoke.DirectMethodHandle$Holder.invokeSpecialIFC(java.lang.Object, java.lang.Object, java.lang.Object)'> (0x0000000085f3e200) 
thrown [s\open\src\hotspot\share\interpreter\linkResolver.cpp, line 774]
Event: 12.845 Thread 0x00000240b1c2e9f0 Exception <a 'java/lang/NoSuchMethodError'{0x0000000085f4c0b8}: 'void java.lang.invoke.DirectMethodHandle$Holder.invokeStatic(java.lang.Object, int, java.lang.Object)'> (0x0000000085f4c0b8) 
thrown [s\open\src\hotspot\share\interpreter\linkResolver.cpp, line 774]
Event: 12.972 Thread 0x00000240b1c2e9f0 Exception <a 'java/lang/NoSuchMethodError'{0x0000000085b71a40}: 'void java.lang.invoke.DirectMethodHandle$Holder.invokeVirtual(java.lang.Object, java.lang.Object, long)'> (0x0000000085b71a40) 
thrown [s\open\src\hotspot\share\interpreter\linkResolver.cpp, line 774]
Event: 13.137 Thread 0x00000240b1c2e9f0 Exception <a 'java/lang/NoSuchMethodError'{0x0000000085531aa8}: 'int java.lang.invoke.DirectMethodHandle$Holder.invokeStaticInit(java.lang.Object, java.lang.Object, java.lang.Object, java.lang.Object)'> (0x0000000085531aa8) 
thrown [s\open\src\hotspot\share\interpreter\linkResolver.cpp, line 774]
Event: 13.175 Thread 0x00000240b1c2e9f0 Exception <a 'java/lang/NoSuchMethodError'{0x000000008530dd08}: 'java.lang.Object java.lang.invoke.DirectMethodHandle$Holder.invokeVirtual(java.lang.Object, java.lang.Object, java.lang.Object, java.lang.Object, java.lang.Object, java.lang.Object, java.lang.Object, java.lang.Object, java.lang.Object)'> (0x000000008530dd08) 
thrown [s\open\src\hotspot\share\interpreter\linkResolver.cpp, line 774]
Event: 13.252 Thread 0x00000240b1c2e9f0 Exception <a 'java/lang/NoSuchMethodError'{0x00000000851d8948}: 'java.lang.Object java.lang.invoke.DirectMethodHandle$Holder.invokeVirtual(java.lang.Object, java.lang.Object, java.lang.Object, java.lang.Object, java.lang.Object, java.lang.Object, java.lang.Object, java.lang.Object, java.lang.Object, java.lang.Object)'> (0x00000000851d8948) 
thrown [s\open\src\hotspot\share\interpreter\linkResolver.cpp, line 774]

VM Operations (20 events):
Event: 11.317 Executing VM operation: G1CollectForAllocation done
Event: 11.383 Executing VM operation: HandshakeAllThreads
Event: 11.383 Executing VM operation: HandshakeAllThreads done
Event: 11.421 Executing VM operation: HandshakeAllThreads
Event: 11.421 Executing VM operation: HandshakeAllThreads done
Event: 11.422 Executing VM operation: HandshakeAllThreads
Event: 11.422 Executing VM operation: HandshakeAllThreads done
Event: 11.854 Executing VM operation: HandshakeAllThreads
Event: 11.854 Executing VM operation: HandshakeAllThreads done
Event: 11.961 Executing VM operation: HandshakeAllThreads
Event: 11.961 Executing VM operation: HandshakeAllThreads done
Event: 12.519 Executing VM operation: HandshakeAllThreads
Event: 12.519 Executing VM operation: HandshakeAllThreads done
Event: 12.519 Executing VM operation: Cleanup
Event: 12.519 Executing VM operation: Cleanup done
Event: 12.521 Executing VM operation: HandshakeAllThreads
Event: 12.521 Executing VM operation: HandshakeAllThreads done
Event: 13.017 Executing VM operation: HandshakeAllThreads
Event: 13.017 Executing VM operation: HandshakeAllThreads done
Event: 13.289 Executing VM operation: G1CollectForAllocation

Events (20 events):
Event: 10.915 Thread 0x00000240cfb90a20 flushing nmethod 0x00000240ba41c410
Event: 10.915 Thread 0x00000240cfb90a20 flushing nmethod 0x00000240ba41c890
Event: 10.915 Thread 0x00000240cfb90a20 flushing nmethod 0x00000240ba41e790
Event: 10.915 Thread 0x00000240cfb90a20 flushing nmethod 0x00000240ba41f290
Event: 10.915 Thread 0x00000240cfb90a20 flushing nmethod 0x00000240ba421510
Event: 10.915 Thread 0x00000240cfb90a20 flushing nmethod 0x00000240ba423310
Event: 10.915 Thread 0x00000240cfb90a20 flushing nmethod 0x00000240ba424390
Event: 10.915 Thread 0x00000240cfb90a20 flushing nmethod 0x00000240ba42de90
Event: 10.915 Thread 0x00000240cfb90a20 flushing nmethod 0x00000240ba42fd90
Event: 10.915 Thread 0x00000240cfb90a20 flushing nmethod 0x00000240ba430390
Event: 10.915 Thread 0x00000240cfb90a20 flushing nmethod 0x00000240ba430790
Event: 10.915 Thread 0x00000240cfb90a20 flushing nmethod 0x00000240ba440890
Event: 10.916 Thread 0x00000240cfb90a20 flushing nmethod 0x00000240ba450f10
Event: 10.916 Thread 0x00000240cfb90a20 flushing nmethod 0x00000240ba472390
Event: 10.916 Thread 0x00000240cfb90a20 flushing nmethod 0x00000240ba476010
Event: 10.916 Thread 0x00000240cfb90a20 flushing nmethod 0x00000240ba477f10
Event: 10.916 Thread 0x00000240cfb90a20 flushing nmethod 0x00000240ba478810
Event: 10.916 Thread 0x00000240cfb90a20 flushing nmethod 0x00000240ba541590
Event: 10.917 Thread 0x00000240cfb90a20 flushing nmethod 0x00000240ba594e90
Event: 12.838 Thread 0x00000240d54a8030 Thread exited: 0x00000240d54a8030


Dynamic libraries:
0x00007ff6a18d0000 - 0x00007ff6a18de000 	C:\Users\Admin\.jdks\openjdk-19.0.2\bin\java.exe
0x00007ff833a70000 - 0x00007ff833c68000 	C:\WINDOWS\SYSTEM32\ntdll.dll
0x00007ff831ad0000 - 0x00007ff831b8f000 	C:\WINDOWS\System32\KERNEL32.DLL
0x00007ff831550000 - 0x00007ff831846000 	C:\WINDOWS\System32\KERNELBASE.dll
0x00007ff831450000 - 0x00007ff831550000 	C:\WINDOWS\System32\ucrtbase.dll
0x00007ff81f430000 - 0x00007ff81f44b000 	C:\Users\Admin\.jdks\openjdk-19.0.2\bin\VCRUNTIME140.dll
0x00007ff81f3f0000 - 0x00007ff81f407000 	C:\Users\Admin\.jdks\openjdk-19.0.2\bin\jli.dll
0x00007ff833380000 - 0x00007ff83351d000 	C:\WINDOWS\System32\USER32.dll
0x00007ff815ab0000 - 0x00007ff815d4a000 	C:\WINDOWS\WinSxS\amd64_microsoft.windows.common-controls_6595b64144ccf1df_6.0.19041.1110_none_60b5254171f9507e\COMCTL32.dll
0x00007ff8319a0000 - 0x00007ff8319c2000 	C:\WINDOWS\System32\win32u.dll
0x00007ff8332b0000 - 0x00007ff8332dc000 	C:\WINDOWS\System32\GDI32.dll
0x00007ff832c60000 - 0x00007ff832cfe000 	C:\WINDOWS\System32\msvcrt.dll
0x00007ff831850000 - 0x00007ff831965000 	C:\WINDOWS\System32\gdi32full.dll
0x00007ff831150000 - 0x00007ff8311ed000 	C:\WINDOWS\System32\msvcp_win.dll
0x00007ff833350000 - 0x00007ff833380000 	C:\WINDOWS\System32\IMM32.DLL
0x00007ff82bd00000 - 0x00007ff82bd0c000 	C:\Users\Admin\.jdks\openjdk-19.0.2\bin\vcruntime140_1.dll
0x00007ffffa880000 - 0x00007ffffa90e000 	C:\Users\Admin\.jdks\openjdk-19.0.2\bin\msvcp140.dll
0x00007ffff07f0000 - 0x00007ffff14b0000 	C:\Users\Admin\.jdks\openjdk-19.0.2\bin\server\jvm.dll
0x00007ff833200000 - 0x00007ff8332af000 	C:\WINDOWS\System32\ADVAPI32.dll
0x00007ff8329a0000 - 0x00007ff832a3c000 	C:\WINDOWS\System32\sechost.dll
0x00007ff831b90000 - 0x00007ff831cb6000 	C:\WINDOWS\System32\RPCRT4.dll
0x00007ff81b470000 - 0x00007ff81b497000 	C:\WINDOWS\SYSTEM32\WINMM.dll
0x00007ff82c840000 - 0x00007ff82c849000 	C:\WINDOWS\SYSTEM32\WSOCK32.dll
0x00007ff832a40000 - 0x00007ff832aab000 	C:\WINDOWS\System32\WS2_32.dll
0x00007ff826040000 - 0x00007ff82604a000 	C:\WINDOWS\SYSTEM32\VERSION.dll
0x00007ff82efc0000 - 0x00007ff82efd2000 	C:\WINDOWS\SYSTEM32\kernel.appcore.dll
0x00007ff82bc60000 - 0x00007ff82bc6a000 	C:\Users\Admin\.jdks\openjdk-19.0.2\bin\jimage.dll
0x00007ff81c250000 - 0x00007ff81c434000 	C:\WINDOWS\SYSTEM32\DBGHELP.DLL
0x00007ff81b600000 - 0x00007ff81b634000 	C:\WINDOWS\SYSTEM32\dbgcore.DLL
0x00007ff8319d0000 - 0x00007ff831a52000 	C:\WINDOWS\System32\bcryptPrimitives.dll
0x00007ff81a130000 - 0x00007ff81a156000 	C:\Users\Admin\.jdks\openjdk-19.0.2\bin\java.dll
0x00007ffff6a00000 - 0x00007ffff6ad7000 	C:\Users\Admin\.jdks\openjdk-19.0.2\bin\jsvml.dll
0x00007ff831d70000 - 0x00007ff8324b4000 	C:\WINDOWS\System32\SHELL32.dll
0x00007ff82f1c0000 - 0x00007ff82f953000 	C:\WINDOWS\SYSTEM32\windows.storage.dll
0x00007ff832d00000 - 0x00007ff833054000 	C:\WINDOWS\System32\combase.dll
0x00007ff8309e0000 - 0x00007ff830a0e000 	C:\WINDOWS\SYSTEM32\Wldp.dll
0x00007ff831cc0000 - 0x00007ff831d6d000 	C:\WINDOWS\System32\SHCORE.dll
0x00007ff8332e0000 - 0x00007ff833335000 	C:\WINDOWS\System32\shlwapi.dll
0x00007ff831090000 - 0x00007ff8310af000 	C:\WINDOWS\SYSTEM32\profapi.dll
0x00007ff80e6d0000 - 0x00007ff80e6e3000 	C:\Users\Admin\.jdks\openjdk-19.0.2\bin\net.dll
0x00007ff82aa80000 - 0x00007ff82ab8a000 	C:\WINDOWS\SYSTEM32\WINHTTP.dll
0x00007ff8307c0000 - 0x00007ff83082a000 	C:\WINDOWS\system32\mswsock.dll
0x00007ff80e2a0000 - 0x00007ff80e2b6000 	C:\Users\Admin\.jdks\openjdk-19.0.2\bin\nio.dll
0x00007ff81d120000 - 0x00007ff81d138000 	C:\Users\Admin\.jdks\openjdk-19.0.2\bin\zip.dll
0x00007ff82cb80000 - 0x00007ff82cb8a000 	C:\Users\Admin\.jdks\openjdk-19.0.2\bin\management.dll
0x00007ff81a760000 - 0x00007ff81a76b000 	C:\Users\Admin\.jdks\openjdk-19.0.2\bin\management_ext.dll
0x00007ff832990000 - 0x00007ff832998000 	C:\WINDOWS\System32\PSAPI.DLL
0x00007ff8304d0000 - 0x00007ff83050c000 	C:\WINDOWS\SYSTEM32\IPHLPAPI.DLL
0x00007ff833340000 - 0x00007ff833348000 	C:\WINDOWS\System32\NSI.dll
0x00007ff82a6f0000 - 0x00007ff82a707000 	C:\WINDOWS\SYSTEM32\dhcpcsvc6.DLL
0x00007ff82a570000 - 0x00007ff82a58d000 	C:\WINDOWS\SYSTEM32\dhcpcsvc.DLL
0x00007ff830510000 - 0x00007ff8305da000 	C:\WINDOWS\SYSTEM32\DNSAPI.dll
0x00007ff81eee0000 - 0x00007ff81eeea000 	C:\Windows\System32\rasadhlp.dll
0x00007ff828ff0000 - 0x00007ff829072000 	C:\WINDOWS\System32\fwpuclnt.dll
0x00007ff831970000 - 0x00007ff831997000 	C:\WINDOWS\System32\bcrypt.dll
0x00007ff81a120000 - 0x00007ff81a12e000 	C:\Users\Admin\.jdks\openjdk-19.0.2\bin\sunmscapi.dll
0x00007ff8312f0000 - 0x00007ff83144e000 	C:\WINDOWS\System32\CRYPT32.dll
0x00007ff830c10000 - 0x00007ff830c38000 	C:\WINDOWS\SYSTEM32\ncrypt.dll
0x00007ff830bd0000 - 0x00007ff830c0b000 	C:\WINDOWS\SYSTEM32\NTASN1.dll
0x00007ff830a20000 - 0x00007ff830a38000 	C:\WINDOWS\SYSTEM32\CRYPTSP.dll
0x00007ff830100000 - 0x00007ff830134000 	C:\WINDOWS\system32\rsaenh.dll
0x00007ff831050000 - 0x00007ff83107e000 	C:\WINDOWS\SYSTEM32\USERENV.dll
0x00007ff830950000 - 0x00007ff83095c000 	C:\WINDOWS\SYSTEM32\CRYPTBASE.dll
0x00007ff81a910000 - 0x00007ff81a920000 	C:\Users\Admin\.jdks\openjdk-19.0.2\bin\verify.dll

dbghelp: loaded successfully - version: 4.0.5 - missing functions: none
symbol engine: initialized successfully - sym options: 0x614 - pdb path: .;C:\Users\Admin\.jdks\openjdk-19.0.2\bin;C:\WINDOWS\SYSTEM32;C:\WINDOWS\WinSxS\amd64_microsoft.windows.common-controls_6595b64144ccf1df_6.0.19041.1110_none_60b5254171f9507e;C:\Users\Admin\.jdks\openjdk-19.0.2\bin\server

VM Arguments:
java_command: C:\Users\Admin\AppData\Local\Temp\surefire17903476986744024920\surefirebooter-20240125234053627_3.jar C:\Users\Admin\AppData\Local\Temp\surefire17903476986744024920 2024-01-25T23-40-53_405-jvmRun1 surefire-20240125234053627_1tmp surefire_0-20240125234053627_2tmp
java_class_path (initial): C:\Users\Admin\AppData\Local\Temp\surefire17903476986744024920\surefirebooter-20240125234053627_3.jar
Launcher Type: SUN_STANDARD

[Global flags]
     intx CICompilerCount                          = 3                                         {product} {ergonomic}
     uint ConcGCThreads                            = 1                                         {product} {ergonomic}
     uint G1ConcRefinementThreads                  = 4                                         {product} {ergonomic}
   size_t G1HeapRegionSize                         = 1048576                                   {product} {ergonomic}
    uintx GCDrainStackTargetSize                   = 64                                        {product} {ergonomic}
   size_t InitialHeapSize                          = 134217728                                 {product} {ergonomic}
   size_t MarkStackSize                            = 4194304                                   {product} {ergonomic}
   size_t MaxHeapSize                              = 2116026368                                {product} {ergonomic}
   size_t MaxNewSize                               = 1268776960                                {product} {ergonomic}
   size_t MinHeapDeltaBytes                        = 1048576                                   {product} {ergonomic}
   size_t MinHeapSize                              = 8388608                                   {product} {ergonomic}
    uintx NonNMethodCodeHeapSize                   = 5832780                                {pd product} {ergonomic}
    uintx NonProfiledCodeHeapSize                  = 122912730                              {pd product} {ergonomic}
    uintx ProfiledCodeHeapSize                     = 122912730                              {pd product} {ergonomic}
    uintx ReservedCodeCacheSize                    = 251658240                              {pd product} {ergonomic}
     bool SegmentedCodeCache                       = true                                      {product} {ergonomic}
   size_t SoftMaxHeapSize                          = 2116026368                             {manageable} {ergonomic}
     bool UseCompressedClassPointers               = true                           {product lp64_product} {ergonomic}
     bool UseCompressedOops                        = true                           {product lp64_product} {ergonomic}
     bool UseG1GC                                  = true                                      {product} {ergonomic}
     bool UseLargePagesIndividualAllocation        = false                                  {pd product} {ergonomic}

Logging:
Log output configuration:
 #0: stdout all=warning uptime,level,tags foldmultilines=false
 #1: stderr all=off uptime,level,tags foldmultilines=false

Environment Variables:
JAVA_HOME=D:\Program Files (x86)\JDK
PATH=C:\Python312\Scripts\;C:\Python312\;C:\Program Files (x86)\VMware\VMware Workstation\bin\;C:\Program Files (x86)\Microsoft SDKs\Azure\CLI2\wbin;C:\Python310\Scripts\;C:\Python310\;C:\Program Files\Common Files\Oracle\Java\javapath;C:\Program Files (x86)\Common Files\Oracle\Java\javapath;C:\WINDOWS\system32;C:\WINDOWS;C:\WINDOWS\System32\Wbem;C:\WINDOWS\System32\WindowsPowerShell\v1.0\;C:\WINDOWS\System32\OpenSSH\;C:\Program Files (x86)\dotnet\;C:\Program Files\Java\jdk-16.0.2\bin;C:\Program Files\Git\cmd;C:\ProgramData\chocolatey\bin;C:\Program Files\PuTTY\;C:\xampp\php;C:\composer;C:\Program Files\Microsoft SQL Server\160\Tools\Binn\;C:\Program Files\Microsoft SQL Server\Client SDK\ODBC\170\Tools\Binn\;C:\Program Files\Microsoft SQL Server\160\DTS\Binn\;C:\Program Files\Azure Data Studio\bin;C:\Program Files\Docker\Docker\resources\bin;D:\Program Files\nodejs\;C:\Users\Admin\AppData\Local\Microsoft\WindowsApps;C:\Users\Admin\AppData\Local\Programs\Microsoft VS Code\bin;C:\Users\Admin\AppData\Roaming\Composer\vendor\bin;C:\xampp\mysql\bin;C:\Users\Admin\AppData\Local\JetBrains\Toolbox\scripts;C:\Program Files\Azure Data Studio\bin;C:\Users\Admin\AppData\Roaming\npm;C:\Users\Admin\AppData\Local\Pandoc\
USERNAME=Admin
OS=Windows_NT
PROCESSOR_IDENTIFIER=Intel64 Family 6 Model 78 Stepping 3, GenuineIntel
TMP=C:\Users\Admin\AppData\Local\Temp
TEMP=C:\Users\Admin\AppData\Local\Temp



---------------  S Y S T E M  ---------------

OS:
 Windows 10 , 64 bit Build 19041 (10.0.19041.3031)
OS uptime: 1 days 4:59 hours
Hyper-V role detected

CPU: total 4 (initial active 4) (2 cores per cpu, 2 threads per core) family 6 model 78 stepping 3 microcode 0xcc, cx8, cmov, fxsr, ht, mmx, 3dnowpref, sse, sse2, sse3, ssse3, sse4.1, sse4.2, popcnt, lzcnt, tsc, tscinvbit, avx, avx2, aes, erms, clmul, bmi1, bmi2, adx, fma, vzeroupper, clflush, clflushopt, hv, rdtscp

Memory: 4k page, system-wide physical 8065M (325M free)
TotalPageFile size 17033M (AvailPageFile size 14M)
current process WorkingSet (physical memory assigned to process): 274M, peak: 275M
current process commit charge ("private bytes"): 317M, peak: 344M

vm_info: OpenJDK 64-Bit Server VM (19.0.2+7-44) for windows-amd64 JRE (19.0.2+7-44), built on 2022-11-30T18:02:09Z by "mach5one" with MS VC++ 17.1 (VS2022)

END.
